<?xml version="1.0" encoding="UTF-8"?>
<testsuite xmlns:xsi="http://www.w3.org/2001/XMLSchema-instance" xsi:noNamespaceSchemaLocation="https://maven.apache.org/surefire/maven-surefire-plugin/xsd/surefire-test-report.xsd" name="org.apache.bookkeeper.bookie.CompactionByEntriesTest" time="90.396" tests="15" errors="0" skipped="0" failures="0">
  <properties>
[...]
</properties>
  <testcase name="testRecoverIndexWhenIndexIsPartiallyFlush" classname="org.apache.bookkeeper.bookie.CompactionByEntriesTest" time="8.078"/>
  <testcase name="testMinorCompactionWithNoWritableLedgerDirsButIsForceGCAllowWhenNoSpaceIsSet" classname="org.apache.bookkeeper.bookie.CompactionByEntriesTest" time="4.846"/>
  <testcase name="testCompactionSafety" classname="org.apache.bookkeeper.bookie.CompactionByEntriesTest" time="2.815"/>
  <testcase name="testCompactionPersistence" classname="org.apache.bookkeeper.bookie.CompactionByEntriesTest" time="5.521"/>
  <testcase name="testForceGarbageCollection" classname="org.apache.bookkeeper.bookie.CompactionByEntriesTest" time="0.879"/>
  <testcase name="testMinorCompactionWithNoWritableLedgerDirs" classname="org.apache.bookkeeper.bookie.CompactionByEntriesTest" time="3.376"/>
  <testcase name="testDisableCompaction" classname="org.apache.bookkeeper.bookie.CompactionByEntriesTest" time="3.83"/>
  <testcase name="testSuspendGarbageCollection" classname="org.apache.bookkeeper.bookie.CompactionByEntriesTest" time="15.849"/>
  <testcase name="testCompactionSmallEntryLogs" classname="org.apache.bookkeeper.bookie.CompactionByEntriesTest" time="6.902"/>
  <testcase name="testWhenNoLogsToCompact" classname="org.apache.bookkeeper.bookie.CompactionByEntriesTest" time="0.733"/>
  <testcase name="testMinorCompaction" classname="org.apache.bookkeeper.bookie.CompactionByEntriesTest" time="5.294"/>
  <testcase name="testCompactionFailureShouldNotResultInDuplicatedData" classname="org.apache.bookkeeper.bookie.CompactionByEntriesTest" time="17.883"/>
  <testcase name="testCompactionWhenLedgerDirsAreFull" classname="org.apache.bookkeeper.bookie.CompactionByEntriesTest" time="5.572"/>
  <testcase name="testMajorCompactionAboveThreshold" classname="org.apache.bookkeeper.bookie.CompactionByEntriesTest" time="1.861"/>
  <testcase name="testMajorCompaction" classname="org.apache.bookkeeper.bookie.CompactionByEntriesTest" time="6.536"/>
</testsuite>