<?xml version="1.0" encoding="UTF-8"?>
<testsuite xmlns:xsi="http://www.w3.org/2001/XMLSchema-instance" xsi:noNamespaceSchemaLocation="https://maven.apache.org/surefire/maven-surefire-plugin/xsd/surefire-test-report.xsd" name="org.apache.bookkeeper.bookie.BookieJournalTest" time="11.026" tests="41" errors="39" skipped="0" failures="0">
  <properties>
[...]
</properties>
  <testcase name="testPreV2Journal" classname="org.apache.bookkeeper.bookie.BookieJournalTest" time="2.197">
    <error message="class javax.naming.spi.NamingManager (in unnamed module @0x1ffcf674) cannot access class jdk.internal.loader.ClassLoaderValue (in module java.base) because module java.base does not export jdk.internal.loader to unnamed module @0x1ffcf674" type="java.lang.IllegalAccessError">java.lang.IllegalAccessError: class javax.naming.spi.NamingManager (in unnamed module @0x1ffcf674) cannot access class jdk.internal.loader.ClassLoaderValue (in module java.base) because module java.base does not export jdk.internal.loader to unnamed module @0x1ffcf674
	at org.apache.bookkeeper.bookie.BookieJournalTest.createBookieAndReadJournal(BookieJournalTest.java:658)
	at org.apache.bookkeeper.bookie.BookieJournalTest.testPreV2Journal(BookieJournalTest.java:371)
</error>
    <rerunError message="class javax.naming.spi.NamingManager (in unnamed module @0x2676d96a) cannot access class jdk.internal.loader.ClassLoaderValue (in module java.base) because module java.base does not export jdk.internal.loader to unnamed module @0x2676d96a" type="java.lang.IllegalAccessError">java.lang.IllegalAccessError: class javax.naming.spi.NamingManager (in unnamed module @0x2676d96a) cannot access class jdk.internal.loader.ClassLoaderValue (in module java.base) because module java.base does not export jdk.internal.loader to unnamed module @0x2676d96a
	at org.apache.bookkeeper.bookie.BookieJournalTest.createBookieAndReadJournal(BookieJournalTest.java:658)
	at org.apache.bookkeeper.bookie.BookieJournalTest.testPreV2Journal(BookieJournalTest.java:371)
</rerunError>
    <rerunError message="class javax.naming.spi.NamingManager (in unnamed module @0x12bb8943) cannot access class jdk.internal.loader.ClassLoaderValue (in module java.base) because module java.base does not export jdk.internal.loader to unnamed module @0x12bb8943" type="java.lang.IllegalAccessError">java.lang.IllegalAccessError: class javax.naming.spi.NamingManager (in unnamed module @0x12bb8943) cannot access class jdk.internal.loader.ClassLoaderValue (in module java.base) because module java.base does not export jdk.internal.loader to unnamed module @0x12bb8943
	at org.apache.bookkeeper.bookie.BookieJournalTest.createBookieAndReadJournal(BookieJournalTest.java:658)
	at org.apache.bookkeeper.bookie.BookieJournalTest.testPreV2Journal(BookieJournalTest.java:371)
</rerunError>
  </testcase>
  <testcase name="testV4Journal" classname="org.apache.bookkeeper.bookie.BookieJournalTest" time="0.186">
    <error message="Could not initialize class javax.naming.spi.NamingManager" type="java.lang.NoClassDefFoundError">java.lang.NoClassDefFoundError: Could not initialize class javax.naming.spi.NamingManager
	at org.apache.bookkeeper.bookie.BookieJournalTest.createBookieAndReadJournal(BookieJournalTest.java:658)
	at org.apache.bookkeeper.bookie.BookieJournalTest.testV4Journal(BookieJournalTest.java:399)
</error>
    <system-out><![CDATA[2020-08-10 23:35:49,484 - INFO  - [main:JournalChannel@157] - Opening journal /tmp/bookie12309227638002871787journal/current/173da4d0ce1.txn
2020-08-10 23:35:49,495 - ERROR - [main:ResourceLeakDetector@317] - LEAK: ByteBuf.release() was not called before it's garbage-collected. See http://netty.io/wiki/reference-counted-objects.html for more information.
Recent access records: 
#1:
	io.netty.buffer.AdvancedLeakAwareByteBuf.writeLong(AdvancedLeakAwareByteBuf.java:568)
	org.apache.bookkeeper.proto.checksum.CRC32DigestManager.populateValueAndReset(CRC32DigestManager.java:61)
	org.apache.bookkeeper.proto.checksum.DigestManager.computeDigestAndPackageForSending(DigestManager.java:114)
	org.apache.bookkeeper.client.ClientUtil.generatePacket(ClientUtil.java:53)
	org.apache.bookkeeper.client.ClientUtil.generatePacket(ClientUtil.java:46)
	org.apache.bookkeeper.bookie.BookieJournalTest.writePreV2Journal(BookieJournalTest.java:168)
	org.apache.bookkeeper.bookie.BookieJournalTest.testPreV2Journal(BookieJournalTest.java:363)
	java.base/jdk.internal.reflect.NativeMethodAccessorImpl.invoke0(Native Method)
	java.base/jdk.internal.reflect.NativeMethodAccessorImpl.invoke(NativeMethodAccessorImpl.java:62)
	java.base/jdk.internal.reflect.DelegatingMethodAccessorImpl.invoke(DelegatingMethodAccessorImpl.java:43)
	java.base/java.lang.reflect.Method.invoke(Method.java:566)
	org.junit.internal.runners.TestMethod.invoke(TestMethod.java:68)
	org.powermock.modules.junit4.internal.impl.PowerMockJUnit44RunnerDelegateImpl$PowerMockJUnit44MethodRunner.runTestMethod(PowerMockJUnit44RunnerDelegateImpl.java:326)
	org.junit.internal.runners.MethodRoadie$2.run(MethodRoadie.java:89)
	org.junit.internal.runners.MethodRoadie.runBeforesThenTestThenAfters(MethodRoadie.java:97)
	org.powermock.modules.junit4.internal.impl.PowerMockJUnit44RunnerDelegateImpl$PowerMockJUnit44MethodRunner.executeTest(PowerMockJUnit44RunnerDelegateImpl.java:310)
	org.powermock.modules.junit4.internal.impl.PowerMockJUnit47RunnerDelegateImpl$PowerMockJUnit47MethodRunner.executeTestInSuper(PowerMockJUnit47RunnerDelegateImpl.java:131)
	org.powermock.modules.junit4.internal.impl.PowerMockJUnit47RunnerDelegateImpl$PowerMockJUnit47MethodRunner.access$100(PowerMockJUnit47RunnerDelegateImpl.java:59)
	org.powermock.modules.junit4.internal.impl.PowerMockJUnit47RunnerDelegateImpl$PowerMockJUnit47MethodRunner$TestExecutorStatement.evaluate(PowerMockJUnit47RunnerDelegateImpl.java:147)
	org.powermock.modules.junit4.internal.impl.PowerMockJUnit47RunnerDelegateImpl$PowerMockJUnit47MethodRunner.evaluateStatement(PowerMockJUnit47RunnerDelegateImpl.java:107)
	org.powermock.modules.junit4.internal.impl.PowerMockJUnit47RunnerDelegateImpl$PowerMockJUnit47MethodRunner.executeTest(PowerMockJUnit47RunnerDelegateImpl.java:82)
	org.powermock.modules.junit4.internal.impl.PowerMockJUnit44RunnerDelegateImpl$PowerMockJUnit44MethodRunner.runBeforesThenTestThenAfters(PowerMockJUnit44RunnerDelegateImpl.java:298)
	org.junit.internal.runners.MethodRoadie.runTest(MethodRoadie.java:87)
	org.junit.internal.runners.MethodRoadie.run(MethodRoadie.java:50)
	org.powermock.modules.junit4.internal.impl.PowerMockJUnit44RunnerDelegateImpl.invokeTestMethod(PowerMockJUnit44RunnerDelegateImpl.java:218)
	org.powermock.modules.junit4.internal.impl.PowerMockJUnit44RunnerDelegateImpl.runMethods(PowerMockJUnit44RunnerDelegateImpl.java:160)
	org.powermock.modules.junit4.internal.impl.PowerMockJUnit44RunnerDelegateImpl$1.run(PowerMockJUnit44RunnerDelegateImpl.java:134)
	org.junit.internal.runners.ClassRoadie.runUnprotected(ClassRoadie.java:34)
	org.junit.internal.runners.ClassRoadie.runProtected(ClassRoadie.java:44)
	org.powermock.modules.junit4.internal.impl.PowerMockJUnit44RunnerDelegateImpl.run(PowerMockJUnit44RunnerDelegateImpl.java:136)
	org.powermock.modules.junit4.common.internal.impl.JUnit4TestSuiteChunkerImpl.run(JUnit4TestSuiteChunkerImpl.java:117)
	org.powermock.modules.junit4.common.internal.impl.AbstractCommonPowerMockRunner.run(AbstractCommonPowerMockRunner.java:57)
	org.powermock.modules.junit4.PowerMockRunner.run(PowerMockRunner.java:59)
	org.apache.maven.surefire.junit4.JUnit4Provider.execute(JUnit4Provider.java:365)
	org.apache.maven.surefire.junit4.JUnit4Provider.executeWithRerun(JUnit4Provider.java:273)
	org.apache.maven.surefire.junit4.JUnit4Provider.executeTestSet(JUnit4Provider.java:238)
	org.apache.maven.surefire.junit4.JUnit4Provider.invoke(JUnit4Provider.java:159)
	org.apache.maven.surefire.booter.ForkedBooter.invokeProviderInSameClassLoader(ForkedBooter.java:379)
	org.apache.maven.surefire.booter.ForkedBooter.runSuitesInProcess(ForkedBooter.java:340)
	org.apache.maven.surefire.booter.ForkedBooter.execute(ForkedBooter.java:125)
	org.apache.maven.surefire.booter.ForkedBooter.main(ForkedBooter.java:413)
#2:
	io.netty.buffer.AdvancedLeakAwareByteBuf.writeLong(AdvancedLeakAwareByteBuf.java:568)
	org.apache.bookkeeper.proto.checksum.DigestManager.computeDigestAndPackageForSending(DigestManager.java:109)
	org.apache.bookkeeper.client.ClientUtil.generatePacket(ClientUtil.java:53)
	org.apache.bookkeeper.client.ClientUtil.generatePacket(ClientUtil.java:46)
	org.apache.bookkeeper.bookie.BookieJournalTest.writePreV2Journal(BookieJournalTest.java:168)
	org.apache.bookkeeper.bookie.BookieJournalTest.testPreV2Journal(BookieJournalTest.java:363)
	java.base/jdk.internal.reflect.NativeMethodAccessorImpl.invoke0(Native Method)
	java.base/jdk.internal.reflect.NativeMethodAccessorImpl.invoke(NativeMethodAccessorImpl.java:62)
	java.base/jdk.internal.reflect.DelegatingMethodAccessorImpl.invoke(DelegatingMethodAccessorImpl.java:43)
	java.base/java.lang.reflect.Method.invoke(Method.java:566)
	org.junit.internal.runners.TestMethod.invoke(TestMethod.java:68)
	org.powermock.modules.junit4.internal.impl.PowerMockJUnit44RunnerDelegateImpl$PowerMockJUnit44MethodRunner.runTestMethod(PowerMockJUnit44RunnerDelegateImpl.java:326)
	org.junit.internal.runners.MethodRoadie$2.run(MethodRoadie.java:89)
	org.junit.internal.runners.MethodRoadie.runBeforesThenTestThenAfters(MethodRoadie.java:97)
	org.powermock.modules.junit4.internal.impl.PowerMockJUnit44RunnerDelegateImpl$PowerMockJUnit44MethodRunner.executeTest(PowerMockJUnit44RunnerDelegateImpl.java:310)
	org.powermock.modules.junit4.internal.impl.PowerMockJUnit47RunnerDelegateImpl$PowerMockJUnit47MethodRunner.executeTestInSuper(PowerMockJUnit47RunnerDelegateImpl.java:131)
	org.powermock.modules.junit4.internal.impl.PowerMockJUnit47RunnerDelegateImpl$PowerMockJUnit47MethodRunner.access$100(PowerMockJUnit47RunnerDelegateImpl.java:59)
	org.powermock.modules.junit4.internal.impl.PowerMockJUnit47RunnerDelegateImpl$PowerMockJUnit47MethodRunner$TestExecutorStatement.evaluate(PowerMockJUnit47RunnerDelegateImpl.java:147)
	org.powermock.modules.junit4.internal.impl.PowerMockJUnit47RunnerDelegateImpl$PowerMockJUnit47MethodRunner.evaluateStatement(PowerMockJUnit47RunnerDelegateImpl.java:107)
	org.powermock.modules.junit4.internal.impl.PowerMockJUnit47RunnerDelegateImpl$PowerMockJUnit47MethodRunner.executeTest(PowerMockJUnit47RunnerDelegateImpl.java:82)
	org.powermock.modules.junit4.internal.impl.PowerMockJUnit44RunnerDelegateImpl$PowerMockJUnit44MethodRunner.runBeforesThenTestThenAfters(PowerMockJUnit44RunnerDelegateImpl.java:298)
	org.junit.internal.runners.MethodRoadie.runTest(MethodRoadie.java:87)
	org.junit.internal.runners.MethodRoadie.run(MethodRoadie.java:50)
	org.powermock.modules.junit4.internal.impl.PowerMockJUnit44RunnerDelegateImpl.invokeTestMethod(PowerMockJUnit44RunnerDelegateImpl.java:218)
	org.powermock.modules.junit4.internal.impl.PowerMockJUnit44RunnerDelegateImpl.runMethods(PowerMockJUnit44RunnerDelegateImpl.java:160)
	org.powermock.modules.junit4.internal.impl.PowerMockJUnit44RunnerDelegateImpl$1.run(PowerMockJUnit44RunnerDelegateImpl.java:134)
	org.junit.internal.runners.ClassRoadie.runUnprotected(ClassRoadie.java:34)
	org.junit.internal.runners.ClassRoadie.runProtected(ClassRoadie.java:44)
	org.powermock.modules.junit4.internal.impl.PowerMockJUnit44RunnerDelegateImpl.run(PowerMockJUnit44RunnerDelegateImpl.java:136)
	org.powermock.modules.junit4.common.internal.impl.JUnit4TestSuiteChunkerImpl.run(JUnit4TestSuiteChunkerImpl.java:117)
	org.powermock.modules.junit4.common.internal.impl.AbstractCommonPowerMockRunner.run(AbstractCommonPowerMockRunner.java:57)
	org.powermock.modules.junit4.PowerMockRunner.run(PowerMockRunner.java:59)
	org.apache.maven.surefire.junit4.JUnit4Provider.execute(JUnit4Provider.java:365)
	org.apache.maven.surefire.junit4.JUnit4Provider.executeWithRerun(JUnit4Provider.java:273)
	org.apache.maven.surefire.junit4.JUnit4Provider.executeTestSet(JUnit4Provider.java:238)
	org.apache.maven.surefire.junit4.JUnit4Provider.invoke(JUnit4Provider.java:159)
	org.apache.maven.surefire.booter.ForkedBooter.invokeProviderInSameClassLoader(ForkedBooter.java:379)
	org.apache.maven.surefire.booter.ForkedBooter.runSuitesInProcess(ForkedBooter.java:340)
	org.apache.maven.surefire.booter.ForkedBooter.execute(ForkedBooter.java:125)
	org.apache.maven.surefire.booter.ForkedBooter.main(ForkedBooter.java:413)
#3:
	io.netty.buffer.AdvancedLeakAwareByteBuf.writeLong(AdvancedLeakAwareByteBuf.java:568)
	org.apache.bookkeeper.proto.checksum.DigestManager.computeDigestAndPackageForSending(DigestManager.java:108)
	org.apache.bookkeeper.client.ClientUtil.generatePacket(ClientUtil.java:53)
	org.apache.bookkeeper.client.ClientUtil.generatePacket(ClientUtil.java:46)
	org.apache.bookkeeper.bookie.BookieJournalTest.writePreV2Journal(BookieJournalTest.java:168)
	org.apache.bookkeeper.bookie.BookieJournalTest.testPreV2Journal(BookieJournalTest.java:363)
	java.base/jdk.internal.reflect.NativeMethodAccessorImpl.invoke0(Native Method)
	java.base/jdk.internal.reflect.NativeMethodAccessorImpl.invoke(NativeMethodAccessorImpl.java:62)
	java.base/jdk.internal.reflect.DelegatingMethodAccessorImpl.invoke(DelegatingMethodAccessorImpl.java:43)
	java.base/java.lang.reflect.Method.invoke(Method.java:566)
	org.junit.internal.runners.TestMethod.invoke(TestMethod.java:68)
	org.powermock.modules.junit4.internal.impl.PowerMockJUnit44RunnerDelegateImpl$PowerMockJUnit44MethodRunner.runTestMethod(PowerMockJUnit44RunnerDelegateImpl.java:326)
	org.junit.internal.runners.MethodRoadie$2.run(MethodRoadie.java:89)
	org.junit.internal.runners.MethodRoadie.runBeforesThenTestThenAfters(MethodRoadie.java:97)
	org.powermock.modules.junit4.internal.impl.PowerMockJUnit44RunnerDelegateImpl$PowerMockJUnit44MethodRunner.executeTest(PowerMockJUnit44RunnerDelegateImpl.java:310)
	org.powermock.modules.junit4.internal.impl.PowerMockJUnit47RunnerDelegateImpl$PowerMockJUnit47MethodRunner.executeTestInSuper(PowerMockJUnit47RunnerDelegateImpl.java:131)
	org.powermock.modules.junit4.internal.impl.PowerMockJUnit47RunnerDelegateImpl$PowerMockJUnit47MethodRunner.access$100(PowerMockJUnit47RunnerDelegateImpl.java:59)
	org.powermock.modules.junit4.internal.impl.PowerMockJUnit47RunnerDelegateImpl$PowerMockJUnit47MethodRunner$TestExecutorStatement.evaluate(PowerMockJUnit47RunnerDelegateImpl.java:147)
	org.powermock.modules.junit4.internal.impl.PowerMockJUnit47RunnerDelegateImpl$PowerMockJUnit47MethodRunner.evaluateStatement(PowerMockJUnit47RunnerDelegateImpl.java:107)
	org.powermock.modules.junit4.internal.impl.PowerMockJUnit47RunnerDelegateImpl$PowerMockJUnit47MethodRunner.executeTest(PowerMockJUnit47RunnerDelegateImpl.java:82)
	org.powermock.modules.junit4.internal.impl.PowerMockJUnit44RunnerDelegateImpl$PowerMockJUnit44MethodRunner.runBeforesThenTestThenAfters(PowerMockJUnit44RunnerDelegateImpl.java:298)
	org.junit.internal.runners.MethodRoadie.runTest(MethodRoadie.java:87)
	org.junit.internal.runners.MethodRoadie.run(MethodRoadie.java:50)
	org.powermock.modules.junit4.internal.impl.PowerMockJUnit44RunnerDelegateImpl.invokeTestMethod(PowerMockJUnit44RunnerDelegateImpl.java:218)
	org.powermock.modules.junit4.internal.impl.PowerMockJUnit44RunnerDelegateImpl.runMethods(PowerMockJUnit44RunnerDelegateImpl.java:160)
	org.powermock.modules.junit4.internal.impl.PowerMockJUnit44RunnerDelegateImpl$1.run(PowerMockJUnit44RunnerDelegateImpl.java:134)
	org.junit.internal.runners.ClassRoadie.runUnprotected(ClassRoadie.java:34)
	org.junit.internal.runners.ClassRoadie.runProtected(ClassRoadie.java:44)
	org.powermock.modules.junit4.internal.impl.PowerMockJUnit44RunnerDelegateImpl.run(PowerMockJUnit44RunnerDelegateImpl.java:136)
	org.powermock.modules.junit4.common.internal.impl.JUnit4TestSuiteChunkerImpl.run(JUnit4TestSuiteChunkerImpl.java:117)
	org.powermock.modules.junit4.common.internal.impl.AbstractCommonPowerMockRunner.run(AbstractCommonPowerMockRunner.java:57)
	org.powermock.modules.junit4.PowerMockRunner.run(PowerMockRunner.java:59)
	org.apache.maven.surefire.junit4.JUnit4Provider.execute(JUnit4Provider.java:365)
	org.apache.maven.surefire.junit4.JUnit4Provider.executeWithRerun(JUnit4Provider.java:273)
	org.apache.maven.surefire.junit4.JUnit4Provider.executeTestSet(JUnit4Provider.java:238)
	org.apache.maven.surefire.junit4.JUnit4Provider.invoke(JUnit4Provider.java:159)
	org.apache.maven.surefire.booter.ForkedBooter.invokeProviderInSameClassLoader(ForkedBooter.java:379)
	org.apache.maven.surefire.booter.ForkedBooter.runSuitesInProcess(ForkedBooter.java:340)
	org.apache.maven.surefire.booter.ForkedBooter.execute(ForkedBooter.java:125)
	org.apache.maven.surefire.booter.ForkedBooter.main(ForkedBooter.java:413)
#4:
	io.netty.buffer.AdvancedLeakAwareByteBuf.writeLong(AdvancedLeakAwareByteBuf.java:568)
	org.apache.bookkeeper.proto.checksum.DigestManager.computeDigestAndPackageForSending(DigestManager.java:107)
	org.apache.bookkeeper.client.ClientUtil.generatePacket(ClientUtil.java:53)
	org.apache.bookkeeper.client.ClientUtil.generatePacket(ClientUtil.java:46)
	org.apache.bookkeeper.bookie.BookieJournalTest.writePreV2Journal(BookieJournalTest.java:168)
	org.apache.bookkeeper.bookie.BookieJournalTest.testPreV2Journal(BookieJournalTest.java:363)
	java.base/jdk.internal.reflect.NativeMethodAccessorImpl.invoke0(Native Method)
	java.base/jdk.internal.reflect.NativeMethodAccessorImpl.invoke(NativeMethodAccessorImpl.java:62)
	java.base/jdk.internal.reflect.DelegatingMethodAccessorImpl.invoke(DelegatingMethodAccessorImpl.java:43)
	java.base/java.lang.reflect.Method.invoke(Method.java:566)
	org.junit.internal.runners.TestMethod.invoke(TestMethod.java:68)
	org.powermock.modules.junit4.internal.impl.PowerMockJUnit44RunnerDelegateImpl$PowerMockJUnit44MethodRunner.runTestMethod(PowerMockJUnit44RunnerDelegateImpl.java:326)
	org.junit.internal.runners.MethodRoadie$2.run(MethodRoadie.java:89)
	org.junit.internal.runners.MethodRoadie.runBeforesThenTestThenAfters(MethodRoadie.java:97)
	org.powermock.modules.junit4.internal.impl.PowerMockJUnit44RunnerDelegateImpl$PowerMockJUnit44MethodRunner.executeTest(PowerMockJUnit44RunnerDelegateImpl.java:310)
	org.powermock.modules.junit4.internal.impl.PowerMockJUnit47RunnerDelegateImpl$PowerMockJUnit47MethodRunner.executeTestInSuper(PowerMockJUnit47RunnerDelegateImpl.java:131)
	org.powermock.modules.junit4.internal.impl.PowerMockJUnit47RunnerDelegateImpl$PowerMockJUnit47MethodRunner.access$100(PowerMockJUnit47RunnerDelegateImpl.java:59)
	org.powermock.modules.junit4.internal.impl.PowerMockJUnit47RunnerDelegateImpl$PowerMockJUnit47MethodRunner$TestExecutorStatement.evaluate(PowerMockJUnit47RunnerDelegateImpl.java:147)
	org.powermock.modules.junit4.internal.impl.PowerMockJUnit47RunnerDelegateImpl$PowerMockJUnit47MethodRunner.evaluateStatement(PowerMockJUnit47RunnerDelegateImpl.java:107)
	org.powermock.modules.junit4.internal.impl.PowerMockJUnit47RunnerDelegateImpl$PowerMockJUnit47MethodRunner.executeTest(PowerMockJUnit47RunnerDelegateImpl.java:82)
	org.powermock.modules.junit4.internal.impl.PowerMockJUnit44RunnerDelegateImpl$PowerMockJUnit44MethodRunner.runBeforesThenTestThenAfters(PowerMockJUnit44RunnerDelegateImpl.java:298)
	org.junit.internal.runners.MethodRoadie.runTest(MethodRoadie.java:87)
	org.junit.internal.runners.MethodRoadie.run(MethodRoadie.java:50)
	org.powermock.modules.junit4.internal.impl.PowerMockJUnit44RunnerDelegateImpl.invokeTestMethod(PowerMockJUnit44RunnerDelegateImpl.java:218)
	org.powermock.modules.junit4.internal.impl.PowerMockJUnit44RunnerDelegateImpl.runMethods(PowerMockJUnit44RunnerDelegateImpl.java:160)
	org.powermock.modules.junit4.internal.impl.PowerMockJUnit44RunnerDelegateImpl$1.run(PowerMockJUnit44RunnerDelegateImpl.java:134)
	org.junit.internal.runners.ClassRoadie.runUnprotected(ClassRoadie.java:34)
	org.junit.internal.runners.ClassRoadie.runProtected(ClassRoadie.java:44)
	org.powermock.modules.junit4.internal.impl.PowerMockJUnit44RunnerDelegateImpl.run(PowerMockJUnit44RunnerDelegateImpl.java:136)
	org.powermock.modules.junit4.common.internal.impl.JUnit4TestSuiteChunkerImpl.run(JUnit4TestSuiteChunkerImpl.java:117)
	org.powermock.modules.junit4.common.internal.impl.AbstractCommonPowerMockRunner.run(AbstractCommonPowerMockRunner.java:57)
	org.powermock.modules.junit4.PowerMockRunner.run(PowerMockRunner.java:59)
	org.apache.maven.surefire.junit4.JUnit4Provider.execute(JUnit4Provider.java:365)
	org.apache.maven.surefire.junit4.JUnit4Provider.executeWithRerun(JUnit4Provider.java:273)
	org.apache.maven.surefire.junit4.JUnit4Provider.executeTestSet(JUnit4Provider.java:238)
	org.apache.maven.surefire.junit4.JUnit4Provider.invoke(JUnit4Provider.java:159)
	org.apache.maven.surefire.booter.ForkedBooter.invokeProviderInSameClassLoader(ForkedBooter.java:379)
	org.apache.maven.surefire.booter.ForkedBooter.runSuitesInProcess(ForkedBooter.java:340)
	org.apache.maven.surefire.booter.ForkedBooter.execute(ForkedBooter.java:125)
	org.apache.maven.surefire.booter.ForkedBooter.main(ForkedBooter.java:413)
Created at:
	io.netty.buffer.UnpooledByteBufAllocator.newDirectBuffer(UnpooledByteBufAllocator.java:96)
	io.netty.buffer.AbstractByteBufAllocator.directBuffer(AbstractByteBufAllocator.java:185)
	io.netty.buffer.AbstractByteBufAllocator.directBuffer(AbstractByteBufAllocator.java:176)
	io.netty.buffer.AbstractByteBufAllocator.buffer(AbstractByteBufAllocator.java:113)
	org.apache.bookkeeper.proto.checksum.DigestManager.computeDigestAndPackageForSending(DigestManager.java:103)
	org.apache.bookkeeper.client.ClientUtil.generatePacket(ClientUtil.java:53)
	org.apache.bookkeeper.client.ClientUtil.generatePacket(ClientUtil.java:46)
	org.apache.bookkeeper.bookie.BookieJournalTest.writePreV2Journal(BookieJournalTest.java:168)
	org.apache.bookkeeper.bookie.BookieJournalTest.testPreV2Journal(BookieJournalTest.java:363)
	java.base/jdk.internal.reflect.NativeMethodAccessorImpl.invoke0(Native Method)
	java.base/jdk.internal.reflect.NativeMethodAccessorImpl.invoke(NativeMethodAccessorImpl.java:62)
	java.base/jdk.internal.reflect.DelegatingMethodAccessorImpl.invoke(DelegatingMethodAccessorImpl.java:43)
	java.base/java.lang.reflect.Method.invoke(Method.java:566)
	org.junit.internal.runners.TestMethod.invoke(TestMethod.java:68)
	org.powermock.modules.junit4.internal.impl.PowerMockJUnit44RunnerDelegateImpl$PowerMockJUnit44MethodRunner.runTestMethod(PowerMockJUnit44RunnerDelegateImpl.java:326)
	org.junit.internal.runners.MethodRoadie$2.run(MethodRoadie.java:89)
	org.junit.internal.runners.MethodRoadie.runBeforesThenTestThenAfters(MethodRoadie.java:97)
	org.powermock.modules.junit4.internal.impl.PowerMockJUnit44RunnerDelegateImpl$PowerMockJUnit44MethodRunner.executeTest(PowerMockJUnit44RunnerDelegateImpl.java:310)
	org.powermock.modules.junit4.internal.impl.PowerMockJUnit47RunnerDelegateImpl$PowerMockJUnit47MethodRunner.executeTestInSuper(PowerMockJUnit47RunnerDelegateImpl.java:131)
	org.powermock.modules.junit4.internal.impl.PowerMockJUnit47RunnerDelegateImpl$PowerMockJUnit47MethodRunner.access$100(PowerMockJUnit47RunnerDelegateImpl.java:59)
	org.powermock.modules.junit4.internal.impl.PowerMockJUnit47RunnerDelegateImpl$PowerMockJUnit47MethodRunner$TestExecutorStatement.evaluate(PowerMockJUnit47RunnerDelegateImpl.java:147)
	org.powermock.modules.junit4.internal.impl.PowerMockJUnit47RunnerDelegateImpl$PowerMockJUnit47MethodRunner.evaluateStatement(PowerMockJUnit47RunnerDelegateImpl.java:107)
	org.powermock.modules.junit4.internal.impl.PowerMockJUnit47RunnerDelegateImpl$PowerMockJUnit47MethodRunner.executeTest(PowerMockJUnit47RunnerDelegateImpl.java:82)
	org.powermock.modules.junit4.internal.impl.PowerMockJUnit44RunnerDelegateImpl$PowerMockJUnit44MethodRunner.runBeforesThenTestThenAfters(PowerMockJUnit44RunnerDelegateImpl.java:298)
	org.junit.internal.runners.MethodRoadie.runTest(MethodRoadie.java:87)
	org.junit.internal.runners.MethodRoadie.run(MethodRoadie.java:50)
	org.powermock.modules.junit4.internal.impl.PowerMockJUnit44RunnerDelegateImpl.invokeTestMethod(PowerMockJUnit44RunnerDelegateImpl.java:218)
	org.powermock.modules.junit4.internal.impl.PowerMockJUnit44RunnerDelegateImpl.runMethods(PowerMockJUnit44RunnerDelegateImpl.java:160)
	org.powermock.modules.junit4.internal.impl.PowerMockJUnit44RunnerDelegateImpl$1.run(PowerMockJUnit44RunnerDelegateImpl.java:134)
	org.junit.internal.runners.ClassRoadie.runUnprotected(ClassRoadie.java:34)
	org.junit.internal.runners.ClassRoadie.runProtected(ClassRoadie.java:44)
	org.powermock.modules.junit4.internal.impl.PowerMockJUnit44RunnerDelegateImpl.run(PowerMockJUnit44RunnerDelegateImpl.java:136)
	org.powermock.modules.junit4.common.internal.impl.JUnit4TestSuiteChunkerImpl.run(JUnit4TestSuiteChunkerImpl.java:117)
	org.powermock.modules.junit4.common.internal.impl.AbstractCommonPowerMockRunner.run(AbstractCommonPowerMockRunner.java:57)
	org.powermock.modules.junit4.PowerMockRunner.run(PowerMockRunner.java:59)
	org.apache.maven.surefire.junit4.JUnit4Provider.execute(JUnit4Provider.java:365)
	org.apache.maven.surefire.junit4.JUnit4Provider.executeWithRerun(JUnit4Provider.java:273)
	org.apache.maven.surefire.junit4.JUnit4Provider.executeTestSet(JUnit4Provider.java:238)
	org.apache.maven.surefire.junit4.JUnit4Provider.invoke(JUnit4Provider.java:159)
	org.apache.maven.surefire.booter.ForkedBooter.invokeProviderInSameClassLoader(ForkedBooter.java:379)
	org.apache.maven.surefire.booter.ForkedBooter.runSuitesInProcess(ForkedBooter.java:340)
	org.apache.maven.surefire.booter.ForkedBooter.execute(ForkedBooter.java:125)
	org.apache.maven.surefire.booter.ForkedBooter.main(ForkedBooter.java:413)
: 1 leak records were discarded because the leak record count is targeted to 4. Use system property io.netty.leakDetection.targetRecords to increase the limit.
2020-08-10 23:35:49,508 - ERROR - [main:ResourceLeakDetector@317] - LEAK: ByteBuf.release() was not called before it's garbage-collected. See http://netty.io/wiki/reference-counted-objects.html for more information.
Recent access records: 
#1:
	io.netty.buffer.AdvancedLeakAwareByteBuf.writeLong(AdvancedLeakAwareByteBuf.java:568)
	org.apache.bookkeeper.proto.checksum.CRC32DigestManager.populateValueAndReset(CRC32DigestManager.java:61)
	org.apache.bookkeeper.proto.checksum.DigestManager.computeDigestAndPackageForSending(DigestManager.java:114)
	org.apache.bookkeeper.client.ClientUtil.generatePacket(ClientUtil.java:53)
	org.apache.bookkeeper.client.ClientUtil.generatePacket(ClientUtil.java:46)
	org.apache.bookkeeper.bookie.BookieJournalTest.writePreV2Journal(BookieJournalTest.java:168)
	org.apache.bookkeeper.bookie.BookieJournalTest.testPreV2Journal(BookieJournalTest.java:363)
	java.base/jdk.internal.reflect.NativeMethodAccessorImpl.invoke0(Native Method)
	java.base/jdk.internal.reflect.NativeMethodAccessorImpl.invoke(NativeMethodAccessorImpl.java:62)
	java.base/jdk.internal.reflect.DelegatingMethodAccessorImpl.invoke(DelegatingMethodAccessorImpl.java:43)
	java.base/java.lang.reflect.Method.invoke(Method.java:566)
	org.junit.internal.runners.TestMethod.invoke(TestMethod.java:68)
	org.powermock.modules.junit4.internal.impl.PowerMockJUnit44RunnerDelegateImpl$PowerMockJUnit44MethodRunner.runTestMethod(PowerMockJUnit44RunnerDelegateImpl.java:326)
	org.junit.internal.runners.MethodRoadie$2.run(MethodRoadie.java:89)
	org.junit.internal.runners.MethodRoadie.runBeforesThenTestThenAfters(MethodRoadie.java:97)
	org.powermock.modules.junit4.internal.impl.PowerMockJUnit44RunnerDelegateImpl$PowerMockJUnit44MethodRunner.executeTest(PowerMockJUnit44RunnerDelegateImpl.java:310)
	org.powermock.modules.junit4.internal.impl.PowerMockJUnit47RunnerDelegateImpl$PowerMockJUnit47MethodRunner.executeTestInSuper(PowerMockJUnit47RunnerDelegateImpl.java:131)
	org.powermock.modules.junit4.internal.impl.PowerMockJUnit47RunnerDelegateImpl$PowerMockJUnit47MethodRunner.access$100(PowerMockJUnit47RunnerDelegateImpl.java:59)
	org.powermock.modules.junit4.internal.impl.PowerMockJUnit47RunnerDelegateImpl$PowerMockJUnit47MethodRunner$TestExecutorStatement.evaluate(PowerMockJUnit47RunnerDelegateImpl.java:147)
	org.powermock.modules.junit4.internal.impl.PowerMockJUnit47RunnerDelegateImpl$PowerMockJUnit47MethodRunner.evaluateStatement(PowerMockJUnit47RunnerDelegateImpl.java:107)
	org.powermock.modules.junit4.internal.impl.PowerMockJUnit47RunnerDelegateImpl$PowerMockJUnit47MethodRunner.executeTest(PowerMockJUnit47RunnerDelegateImpl.java:82)
	org.powermock.modules.junit4.internal.impl.PowerMockJUnit44RunnerDelegateImpl$PowerMockJUnit44MethodRunner.runBeforesThenTestThenAfters(PowerMockJUnit44RunnerDelegateImpl.java:298)
	org.junit.internal.runners.MethodRoadie.runTest(MethodRoadie.java:87)
	org.junit.internal.runners.MethodRoadie.run(MethodRoadie.java:50)
	org.powermock.modules.junit4.internal.impl.PowerMockJUnit44RunnerDelegateImpl.invokeTestMethod(PowerMockJUnit44RunnerDelegateImpl.java:218)
	org.powermock.modules.junit4.internal.impl.PowerMockJUnit44RunnerDelegateImpl.runMethods(PowerMockJUnit44RunnerDelegateImpl.java:160)
	org.powermock.modules.junit4.internal.impl.PowerMockJUnit44RunnerDelegateImpl$1.run(PowerMockJUnit44RunnerDelegateImpl.java:134)
	org.junit.internal.runners.ClassRoadie.runUnprotected(ClassRoadie.java:34)
	org.junit.internal.runners.ClassRoadie.runProtected(ClassRoadie.java:44)
	org.powermock.modules.junit4.internal.impl.PowerMockJUnit44RunnerDelegateImpl.run(PowerMockJUnit44RunnerDelegateImpl.java:136)
	org.powermock.modules.junit4.common.internal.impl.JUnit4TestSuiteChunkerImpl.run(JUnit4TestSuiteChunkerImpl.java:117)
	org.powermock.modules.junit4.common.internal.impl.AbstractCommonPowerMockRunner.run(AbstractCommonPowerMockRunner.java:57)
	org.powermock.modules.junit4.PowerMockRunner.run(PowerMockRunner.java:59)
	org.apache.maven.surefire.junit4.JUnit4Provider.execute(JUnit4Provider.java:365)
	org.apache.maven.surefire.junit4.JUnit4Provider.executeWithRerun(JUnit4Provider.java:273)
	org.apache.maven.surefire.junit4.JUnit4Provider.executeTestSet(JUnit4Provider.java:238)
	org.apache.maven.surefire.junit4.JUnit4Provider.invoke(JUnit4Provider.java:159)
	org.apache.maven.surefire.booter.ForkedBooter.invokeProviderInSameClassLoader(ForkedBooter.java:379)
	org.apache.maven.surefire.booter.ForkedBooter.runSuitesInProcess(ForkedBooter.java:340)
	org.apache.maven.surefire.booter.ForkedBooter.execute(ForkedBooter.java:125)
	org.apache.maven.surefire.booter.ForkedBooter.main(ForkedBooter.java:413)
#2:
	io.netty.buffer.AdvancedLeakAwareByteBuf.writeLong(AdvancedLeakAwareByteBuf.java:568)
	org.apache.bookkeeper.proto.checksum.DigestManager.computeDigestAndPackageForSending(DigestManager.java:110)
	org.apache.bookkeeper.client.ClientUtil.generatePacket(ClientUtil.java:53)
	org.apache.bookkeeper.client.ClientUtil.generatePacket(ClientUtil.java:46)
	org.apache.bookkeeper.bookie.BookieJournalTest.writePreV2Journal(BookieJournalTest.java:168)
	org.apache.bookkeeper.bookie.BookieJournalTest.testPreV2Journal(BookieJournalTest.java:363)
	java.base/jdk.internal.reflect.NativeMethodAccessorImpl.invoke0(Native Method)
	java.base/jdk.internal.reflect.NativeMethodAccessorImpl.invoke(NativeMethodAccessorImpl.java:62)
	java.base/jdk.internal.reflect.DelegatingMethodAccessorImpl.invoke(DelegatingMethodAccessorImpl.java:43)
	java.base/java.lang.reflect.Method.invoke(Method.java:566)
	org.junit.internal.runners.TestMethod.invoke(TestMethod.java:68)
	org.powermock.modules.junit4.internal.impl.PowerMockJUnit44RunnerDelegateImpl$PowerMockJUnit44MethodRunner.runTestMethod(PowerMockJUnit44RunnerDelegateImpl.java:326)
	org.junit.internal.runners.MethodRoadie$2.run(MethodRoadie.java:89)
	org.junit.internal.runners.MethodRoadie.runBeforesThenTestThenAfters(MethodRoadie.java:97)
	org.powermock.modules.junit4.internal.impl.PowerMockJUnit44RunnerDelegateImpl$PowerMockJUnit44MethodRunner.executeTest(PowerMockJUnit44RunnerDelegateImpl.java:310)
	org.powermock.modules.junit4.internal.impl.PowerMockJUnit47RunnerDelegateImpl$PowerMockJUnit47MethodRunner.executeTestInSuper(PowerMockJUnit47RunnerDelegateImpl.java:131)
	org.powermock.modules.junit4.internal.impl.PowerMockJUnit47RunnerDelegateImpl$PowerMockJUnit47MethodRunner.access$100(PowerMockJUnit47RunnerDelegateImpl.java:59)
	org.powermock.modules.junit4.internal.impl.PowerMockJUnit47RunnerDelegateImpl$PowerMockJUnit47MethodRunner$TestExecutorStatement.evaluate(PowerMockJUnit47RunnerDelegateImpl.java:147)
	org.powermock.modules.junit4.internal.impl.PowerMockJUnit47RunnerDelegateImpl$PowerMockJUnit47MethodRunner.evaluateStatement(PowerMockJUnit47RunnerDelegateImpl.java:107)
	org.powermock.modules.junit4.internal.impl.PowerMockJUnit47RunnerDelegateImpl$PowerMockJUnit47MethodRunner.executeTest(PowerMockJUnit47RunnerDelegateImpl.java:82)
	org.powermock.modules.junit4.internal.impl.PowerMockJUnit44RunnerDelegateImpl$PowerMockJUnit44MethodRunner.runBeforesThenTestThenAfters(PowerMockJUnit44RunnerDelegateImpl.java:298)
	org.junit.internal.runners.MethodRoadie.runTest(MethodRoadie.java:87)
	org.junit.internal.runners.MethodRoadie.run(MethodRoadie.java:50)
	org.powermock.modules.junit4.internal.impl.PowerMockJUnit44RunnerDelegateImpl.invokeTestMethod(PowerMockJUnit44RunnerDelegateImpl.java:218)
	org.powermock.modules.junit4.internal.impl.PowerMockJUnit44RunnerDelegateImpl.runMethods(PowerMockJUnit44RunnerDelegateImpl.java:160)
	org.powermock.modules.junit4.internal.impl.PowerMockJUnit44RunnerDelegateImpl$1.run(PowerMockJUnit44RunnerDelegateImpl.java:134)
	org.junit.internal.runners.ClassRoadie.runUnprotected(ClassRoadie.java:34)
	org.junit.internal.runners.ClassRoadie.runProtected(ClassRoadie.java:44)
	org.powermock.modules.junit4.internal.impl.PowerMockJUnit44RunnerDelegateImpl.run(PowerMockJUnit44RunnerDelegateImpl.java:136)
	org.powermock.modules.junit4.common.internal.impl.JUnit4TestSuiteChunkerImpl.run(JUnit4TestSuiteChunkerImpl.java:117)
	org.powermock.modules.junit4.common.internal.impl.AbstractCommonPowerMockRunner.run(AbstractCommonPowerMockRunner.java:57)
	org.powermock.modules.junit4.PowerMockRunner.run(PowerMockRunner.java:59)
	org.apache.maven.surefire.junit4.JUnit4Provider.execute(JUnit4Provider.java:365)
	org.apache.maven.surefire.junit4.JUnit4Provider.executeWithRerun(JUnit4Provider.java:273)
	org.apache.maven.surefire.junit4.JUnit4Provider.executeTestSet(JUnit4Provider.java:238)
	org.apache.maven.surefire.junit4.JUnit4Provider.invoke(JUnit4Provider.java:159)
	org.apache.maven.surefire.booter.ForkedBooter.invokeProviderInSameClassLoader(ForkedBooter.java:379)
	org.apache.maven.surefire.booter.ForkedBooter.runSuitesInProcess(ForkedBooter.java:340)
	org.apache.maven.surefire.booter.ForkedBooter.execute(ForkedBooter.java:125)
	org.apache.maven.surefire.booter.ForkedBooter.main(ForkedBooter.java:413)
#3:
	io.netty.buffer.AdvancedLeakAwareByteBuf.writeLong(AdvancedLeakAwareByteBuf.java:568)
	org.apache.bookkeeper.proto.checksum.DigestManager.computeDigestAndPackageForSending(DigestManager.java:109)
	org.apache.bookkeeper.client.ClientUtil.generatePacket(ClientUtil.java:53)
	org.apache.bookkeeper.client.ClientUtil.generatePacket(ClientUtil.java:46)
	org.apache.bookkeeper.bookie.BookieJournalTest.writePreV2Journal(BookieJournalTest.java:168)
	org.apache.bookkeeper.bookie.BookieJournalTest.testPreV2Journal(BookieJournalTest.java:363)
	java.base/jdk.internal.reflect.NativeMethodAccessorImpl.invoke0(Native Method)
	java.base/jdk.internal.reflect.NativeMethodAccessorImpl.invoke(NativeMethodAccessorImpl.java:62)
	java.base/jdk.internal.reflect.DelegatingMethodAccessorImpl.invoke(DelegatingMethodAccessorImpl.java:43)
	java.base/java.lang.reflect.Method.invoke(Method.java:566)
	org.junit.internal.runners.TestMethod.invoke(TestMethod.java:68)
	org.powermock.modules.junit4.internal.impl.PowerMockJUnit44RunnerDelegateImpl$PowerMockJUnit44MethodRunner.runTestMethod(PowerMockJUnit44RunnerDelegateImpl.java:326)
	org.junit.internal.runners.MethodRoadie$2.run(MethodRoadie.java:89)
	org.junit.internal.runners.MethodRoadie.runBeforesThenTestThenAfters(MethodRoadie.java:97)
	org.powermock.modules.junit4.internal.impl.PowerMockJUnit44RunnerDelegateImpl$PowerMockJUnit44MethodRunner.executeTest(PowerMockJUnit44RunnerDelegateImpl.java:310)
	org.powermock.modules.junit4.internal.impl.PowerMockJUnit47RunnerDelegateImpl$PowerMockJUnit47MethodRunner.executeTestInSuper(PowerMockJUnit47RunnerDelegateImpl.java:131)
	org.powermock.modules.junit4.internal.impl.PowerMockJUnit47RunnerDelegateImpl$PowerMockJUnit47MethodRunner.access$100(PowerMockJUnit47RunnerDelegateImpl.java:59)
	org.powermock.modules.junit4.internal.impl.PowerMockJUnit47RunnerDelegateImpl$PowerMockJUnit47MethodRunner$TestExecutorStatement.evaluate(PowerMockJUnit47RunnerDelegateImpl.java:147)
	org.powermock.modules.junit4.internal.impl.PowerMockJUnit47RunnerDelegateImpl$PowerMockJUnit47MethodRunner.evaluateStatement(PowerMockJUnit47RunnerDelegateImpl.java:107)
	org.powermock.modules.junit4.internal.impl.PowerMockJUnit47RunnerDelegateImpl$PowerMockJUnit47MethodRunner.executeTest(PowerMockJUnit47RunnerDelegateImpl.java:82)
	org.powermock.modules.junit4.internal.impl.PowerMockJUnit44RunnerDelegateImpl$PowerMockJUnit44MethodRunner.runBeforesThenTestThenAfters(PowerMockJUnit44RunnerDelegateImpl.java:298)
	org.junit.internal.runners.MethodRoadie.runTest(MethodRoadie.java:87)
	org.junit.internal.runners.MethodRoadie.run(MethodRoadie.java:50)
	org.powermock.modules.junit4.internal.impl.PowerMockJUnit44RunnerDelegateImpl.invokeTestMethod(PowerMockJUnit44RunnerDelegateImpl.java:218)
	org.powermock.modules.junit4.internal.impl.PowerMockJUnit44RunnerDelegateImpl.runMethods(PowerMockJUnit44RunnerDelegateImpl.java:160)
	org.powermock.modules.junit4.internal.impl.PowerMockJUnit44RunnerDelegateImpl$1.run(PowerMockJUnit44RunnerDelegateImpl.java:134)
	org.junit.internal.runners.ClassRoadie.runUnprotected(ClassRoadie.java:34)
	org.junit.internal.runners.ClassRoadie.runProtected(ClassRoadie.java:44)
	org.powermock.modules.junit4.internal.impl.PowerMockJUnit44RunnerDelegateImpl.run(PowerMockJUnit44RunnerDelegateImpl.java:136)
	org.powermock.modules.junit4.common.internal.impl.JUnit4TestSuiteChunkerImpl.run(JUnit4TestSuiteChunkerImpl.java:117)
	org.powermock.modules.junit4.common.internal.impl.AbstractCommonPowerMockRunner.run(AbstractCommonPowerMockRunner.java:57)
	org.powermock.modules.junit4.PowerMockRunner.run(PowerMockRunner.java:59)
	org.apache.maven.surefire.junit4.JUnit4Provider.execute(JUnit4Provider.java:365)
	org.apache.maven.surefire.junit4.JUnit4Provider.executeWithRerun(JUnit4Provider.java:273)
	org.apache.maven.surefire.junit4.JUnit4Provider.executeTestSet(JUnit4Provider.java:238)
	org.apache.maven.surefire.junit4.JUnit4Provider.invoke(JUnit4Provider.java:159)
	org.apache.maven.surefire.booter.ForkedBooter.invokeProviderInSameClassLoader(ForkedBooter.java:379)
	org.apache.maven.surefire.booter.ForkedBooter.runSuitesInProcess(ForkedBooter.java:340)
	org.apache.maven.surefire.booter.ForkedBooter.execute(ForkedBooter.java:125)
	org.apache.maven.surefire.booter.ForkedBooter.main(ForkedBooter.java:413)
#4:
	io.netty.buffer.AdvancedLeakAwareByteBuf.writeLong(AdvancedLeakAwareByteBuf.java:568)
	org.apache.bookkeeper.proto.checksum.DigestManager.computeDigestAndPackageForSending(DigestManager.java:108)
	org.apache.bookkeeper.client.ClientUtil.generatePacket(ClientUtil.java:53)
	org.apache.bookkeeper.client.ClientUtil.generatePacket(ClientUtil.java:46)
	org.apache.bookkeeper.bookie.BookieJournalTest.writePreV2Journal(BookieJournalTest.java:168)
	org.apache.bookkeeper.bookie.BookieJournalTest.testPreV2Journal(BookieJournalTest.java:363)
	java.base/jdk.internal.reflect.NativeMethodAccessorImpl.invoke0(Native Method)
	java.base/jdk.internal.reflect.NativeMethodAccessorImpl.invoke(NativeMethodAccessorImpl.java:62)
	java.base/jdk.internal.reflect.DelegatingMethodAccessorImpl.invoke(DelegatingMethodAccessorImpl.java:43)
	java.base/java.lang.reflect.Method.invoke(Method.java:566)
	org.junit.internal.runners.TestMethod.invoke(TestMethod.java:68)
	org.powermock.modules.junit4.internal.impl.PowerMockJUnit44RunnerDelegateImpl$PowerMockJUnit44MethodRunner.runTestMethod(PowerMockJUnit44RunnerDelegateImpl.java:326)
	org.junit.internal.runners.MethodRoadie$2.run(MethodRoadie.java:89)
	org.junit.internal.runners.MethodRoadie.runBeforesThenTestThenAfters(MethodRoadie.java:97)
	org.powermock.modules.junit4.internal.impl.PowerMockJUnit44RunnerDelegateImpl$PowerMockJUnit44MethodRunner.executeTest(PowerMockJUnit44RunnerDelegateImpl.java:310)
	org.powermock.modules.junit4.internal.impl.PowerMockJUnit47RunnerDelegateImpl$PowerMockJUnit47MethodRunner.executeTestInSuper(PowerMockJUnit47RunnerDelegateImpl.java:131)
	org.powermock.modules.junit4.internal.impl.PowerMockJUnit47RunnerDelegateImpl$PowerMockJUnit47MethodRunner.access$100(PowerMockJUnit47RunnerDelegateImpl.java:59)
	org.powermock.modules.junit4.internal.impl.PowerMockJUnit47RunnerDelegateImpl$PowerMockJUnit47MethodRunner$TestExecutorStatement.evaluate(PowerMockJUnit47RunnerDelegateImpl.java:147)
	org.powermock.modules.junit4.internal.impl.PowerMockJUnit47RunnerDelegateImpl$PowerMockJUnit47MethodRunner.evaluateStatement(PowerMockJUnit47RunnerDelegateImpl.java:107)
	org.powermock.modules.junit4.internal.impl.PowerMockJUnit47RunnerDelegateImpl$PowerMockJUnit47MethodRunner.executeTest(PowerMockJUnit47RunnerDelegateImpl.java:82)
	org.powermock.modules.junit4.internal.impl.PowerMockJUnit44RunnerDelegateImpl$PowerMockJUnit44MethodRunner.runBeforesThenTestThenAfters(PowerMockJUnit44RunnerDelegateImpl.java:298)
	org.junit.internal.runners.MethodRoadie.runTest(MethodRoadie.java:87)
	org.junit.internal.runners.MethodRoadie.run(MethodRoadie.java:50)
	org.powermock.modules.junit4.internal.impl.PowerMockJUnit44RunnerDelegateImpl.invokeTestMethod(PowerMockJUnit44RunnerDelegateImpl.java:218)
	org.powermock.modules.junit4.internal.impl.PowerMockJUnit44RunnerDelegateImpl.runMethods(PowerMockJUnit44RunnerDelegateImpl.java:160)
	org.powermock.modules.junit4.internal.impl.PowerMockJUnit44RunnerDelegateImpl$1.run(PowerMockJUnit44RunnerDelegateImpl.java:134)
	org.junit.internal.runners.ClassRoadie.runUnprotected(ClassRoadie.java:34)
	org.junit.internal.runners.ClassRoadie.runProtected(ClassRoadie.java:44)
	org.powermock.modules.junit4.internal.impl.PowerMockJUnit44RunnerDelegateImpl.run(PowerMockJUnit44RunnerDelegateImpl.java:136)
	org.powermock.modules.junit4.common.internal.impl.JUnit4TestSuiteChunkerImpl.run(JUnit4TestSuiteChunkerImpl.java:117)
	org.powermock.modules.junit4.common.internal.impl.AbstractCommonPowerMockRunner.run(AbstractCommonPowerMockRunner.java:57)
	org.powermock.modules.junit4.PowerMockRunner.run(PowerMockRunner.java:59)
	org.apache.maven.surefire.junit4.JUnit4Provider.execute(JUnit4Provider.java:365)
	org.apache.maven.surefire.junit4.JUnit4Provider.executeWithRerun(JUnit4Provider.java:273)
	org.apache.maven.surefire.junit4.JUnit4Provider.executeTestSet(JUnit4Provider.java:238)
	org.apache.maven.surefire.junit4.JUnit4Provider.invoke(JUnit4Provider.java:159)
	org.apache.maven.surefire.booter.ForkedBooter.invokeProviderInSameClassLoader(ForkedBooter.java:379)
	org.apache.maven.surefire.booter.ForkedBooter.runSuitesInProcess(ForkedBooter.java:340)
	org.apache.maven.surefire.booter.ForkedBooter.execute(ForkedBooter.java:125)
	org.apache.maven.surefire.booter.ForkedBooter.main(ForkedBooter.java:413)
#5:
	io.netty.buffer.AdvancedLeakAwareByteBuf.writeLong(AdvancedLeakAwareByteBuf.java:568)
	org.apache.bookkeeper.proto.checksum.DigestManager.computeDigestAndPackageForSending(DigestManager.java:107)
	org.apache.bookkeeper.client.ClientUtil.generatePacket(ClientUtil.java:53)
	org.apache.bookkeeper.client.ClientUtil.generatePacket(ClientUtil.java:46)
	org.apache.bookkeeper.bookie.BookieJournalTest.writePreV2Journal(BookieJournalTest.java:168)
	org.apache.bookkeeper.bookie.BookieJournalTest.testPreV2Journal(BookieJournalTest.java:363)
	java.base/jdk.internal.reflect.NativeMethodAccessorImpl.invoke0(Native Method)
	java.base/jdk.internal.reflect.NativeMethodAccessorImpl.invoke(NativeMethodAccessorImpl.java:62)
	java.base/jdk.internal.reflect.DelegatingMethodAccessorImpl.invoke(DelegatingMethodAccessorImpl.java:43)
	java.base/java.lang.reflect.Method.invoke(Method.java:566)
	org.junit.internal.runners.TestMethod.invoke(TestMethod.java:68)
	org.powermock.modules.junit4.internal.impl.PowerMockJUnit44RunnerDelegateImpl$PowerMockJUnit44MethodRunner.runTestMethod(PowerMockJUnit44RunnerDelegateImpl.java:326)
	org.junit.internal.runners.MethodRoadie$2.run(MethodRoadie.java:89)
	org.junit.internal.runners.MethodRoadie.runBeforesThenTestThenAfters(MethodRoadie.java:97)
	org.powermock.modules.junit4.internal.impl.PowerMockJUnit44RunnerDelegateImpl$PowerMockJUnit44MethodRunner.executeTest(PowerMockJUnit44RunnerDelegateImpl.java:310)
	org.powermock.modules.junit4.internal.impl.PowerMockJUnit47RunnerDelegateImpl$PowerMockJUnit47MethodRunner.executeTestInSuper(PowerMockJUnit47RunnerDelegateImpl.java:131)
	org.powermock.modules.junit4.internal.impl.PowerMockJUnit47RunnerDelegateImpl$PowerMockJUnit47MethodRunner.access$100(PowerMockJUnit47RunnerDelegateImpl.java:59)
	org.powermock.modules.junit4.internal.impl.PowerMockJUnit47RunnerDelegateImpl$PowerMockJUnit47MethodRunner$TestExecutorStatement.evaluate(PowerMockJUnit47RunnerDelegateImpl.java:147)
	org.powermock.modules.junit4.internal.impl.PowerMockJUnit47RunnerDelegateImpl$PowerMockJUnit47MethodRunner.evaluateStatement(PowerMockJUnit47RunnerDelegateImpl.java:107)
	org.powermock.modules.junit4.internal.impl.PowerMockJUnit47RunnerDelegateImpl$PowerMockJUnit47MethodRunner.executeTest(PowerMockJUnit47RunnerDelegateImpl.java:82)
	org.powermock.modules.junit4.internal.impl.PowerMockJUnit44RunnerDelegateImpl$PowerMockJUnit44MethodRunner.runBeforesThenTestThenAfters(PowerMockJUnit44RunnerDelegateImpl.java:298)
	org.junit.internal.runners.MethodRoadie.runTest(MethodRoadie.java:87)
	org.junit.internal.runners.MethodRoadie.run(MethodRoadie.java:50)
	org.powermock.modules.junit4.internal.impl.PowerMockJUnit44RunnerDelegateImpl.invokeTestMethod(PowerMockJUnit44RunnerDelegateImpl.java:218)
	org.powermock.modules.junit4.internal.impl.PowerMockJUnit44RunnerDelegateImpl.runMethods(PowerMockJUnit44RunnerDelegateImpl.java:160)
	org.powermock.modules.junit4.internal.impl.PowerMockJUnit44RunnerDelegateImpl$1.run(PowerMockJUnit44RunnerDelegateImpl.java:134)
	org.junit.internal.runners.ClassRoadie.runUnprotected(ClassRoadie.java:34)
	org.junit.internal.runners.ClassRoadie.runProtected(ClassRoadie.java:44)
	org.powermock.modules.junit4.internal.impl.PowerMockJUnit44RunnerDelegateImpl.run(PowerMockJUnit44RunnerDelegateImpl.java:136)
	org.powermock.modules.junit4.common.internal.impl.JUnit4TestSuiteChunkerImpl.run(JUnit4TestSuiteChunkerImpl.java:117)
	org.powermock.modules.junit4.common.internal.impl.AbstractCommonPowerMockRunner.run(AbstractCommonPowerMockRunner.java:57)
	org.powermock.modules.junit4.PowerMockRunner.run(PowerMockRunner.java:59)
	org.apache.maven.surefire.junit4.JUnit4Provider.execute(JUnit4Provider.java:365)
	org.apache.maven.surefire.junit4.JUnit4Provider.executeWithRerun(JUnit4Provider.java:273)
	org.apache.maven.surefire.junit4.JUnit4Provider.executeTestSet(JUnit4Provider.java:238)
	org.apache.maven.surefire.junit4.JUnit4Provider.invoke(JUnit4Provider.java:159)
	org.apache.maven.surefire.booter.ForkedBooter.invokeProviderInSameClassLoader(ForkedBooter.java:379)
	org.apache.maven.surefire.booter.ForkedBooter.runSuitesInProcess(ForkedBooter.java:340)
	org.apache.maven.surefire.booter.ForkedBooter.execute(ForkedBooter.java:125)
	org.apache.maven.surefire.booter.ForkedBooter.main(ForkedBooter.java:413)
Created at:
	io.netty.buffer.UnpooledByteBufAllocator.newDirectBuffer(UnpooledByteBufAllocator.java:96)
	io.netty.buffer.AbstractByteBufAllocator.directBuffer(AbstractByteBufAllocator.java:185)
	io.netty.buffer.AbstractByteBufAllocator.directBuffer(AbstractByteBufAllocator.java:176)
	io.netty.buffer.AbstractByteBufAllocator.buffer(AbstractByteBufAllocator.java:113)
	org.apache.bookkeeper.proto.checksum.DigestManager.computeDigestAndPackageForSending(DigestManager.java:103)
	org.apache.bookkeeper.client.ClientUtil.generatePacket(ClientUtil.java:53)
	org.apache.bookkeeper.client.ClientUtil.generatePacket(ClientUtil.java:46)
	org.apache.bookkeeper.bookie.BookieJournalTest.writePreV2Journal(BookieJournalTest.java:168)
	org.apache.bookkeeper.bookie.BookieJournalTest.testPreV2Journal(BookieJournalTest.java:363)
	java.base/jdk.internal.reflect.NativeMethodAccessorImpl.invoke0(Native Method)
	java.base/jdk.internal.reflect.NativeMethodAccessorImpl.invoke(NativeMethodAccessorImpl.java:62)
	java.base/jdk.internal.reflect.DelegatingMethodAccessorImpl.invoke(DelegatingMethodAccessorImpl.java:43)
	java.base/java.lang.reflect.Method.invoke(Method.java:566)
	org.junit.internal.runners.TestMethod.invoke(TestMethod.java:68)
	org.powermock.modules.junit4.internal.impl.PowerMockJUnit44RunnerDelegateImpl$PowerMockJUnit44MethodRunner.runTestMethod(PowerMockJUnit44RunnerDelegateImpl.java:326)
	org.junit.internal.runners.MethodRoadie$2.run(MethodRoadie.java:89)
	org.junit.internal.runners.MethodRoadie.runBeforesThenTestThenAfters(MethodRoadie.java:97)
	org.powermock.modules.junit4.internal.impl.PowerMockJUnit44RunnerDelegateImpl$PowerMockJUnit44MethodRunner.executeTest(PowerMockJUnit44RunnerDelegateImpl.java:310)
	org.powermock.modules.junit4.internal.impl.PowerMockJUnit47RunnerDelegateImpl$PowerMockJUnit47MethodRunner.executeTestInSuper(PowerMockJUnit47RunnerDelegateImpl.java:131)
	org.powermock.modules.junit4.internal.impl.PowerMockJUnit47RunnerDelegateImpl$PowerMockJUnit47MethodRunner.access$100(PowerMockJUnit47RunnerDelegateImpl.java:59)
	org.powermock.modules.junit4.internal.impl.PowerMockJUnit47RunnerDelegateImpl$PowerMockJUnit47MethodRunner$TestExecutorStatement.evaluate(PowerMockJUnit47RunnerDelegateImpl.java:147)
	org.powermock.modules.junit4.internal.impl.PowerMockJUnit47RunnerDelegateImpl$PowerMockJUnit47MethodRunner.evaluateStatement(PowerMockJUnit47RunnerDelegateImpl.java:107)
	org.powermock.modules.junit4.internal.impl.PowerMockJUnit47RunnerDelegateImpl$PowerMockJUnit47MethodRunner.executeTest(PowerMockJUnit47RunnerDelegateImpl.java:82)
	org.powermock.modules.junit4.internal.impl.PowerMockJUnit44RunnerDelegateImpl$PowerMockJUnit44MethodRunner.runBeforesThenTestThenAfters(PowerMockJUnit44RunnerDelegateImpl.java:298)
	org.junit.internal.runners.MethodRoadie.runTest(MethodRoadie.java:87)
	org.junit.internal.runners.MethodRoadie.run(MethodRoadie.java:50)
	org.powermock.modules.junit4.internal.impl.PowerMockJUnit44RunnerDelegateImpl.invokeTestMethod(PowerMockJUnit44RunnerDelegateImpl.java:218)
	org.powermock.modules.junit4.internal.impl.PowerMockJUnit44RunnerDelegateImpl.runMethods(PowerMockJUnit44RunnerDelegateImpl.java:160)
	org.powermock.modules.junit4.internal.impl.PowerMockJUnit44RunnerDelegateImpl$1.run(PowerMockJUnit44RunnerDelegateImpl.java:134)
	org.junit.internal.runners.ClassRoadie.runUnprotected(ClassRoadie.java:34)
	org.junit.internal.runners.ClassRoadie.runProtected(ClassRoadie.java:44)
	org.powermock.modules.junit4.internal.impl.PowerMockJUnit44RunnerDelegateImpl.run(PowerMockJUnit44RunnerDelegateImpl.java:136)
	org.powermock.modules.junit4.common.internal.impl.JUnit4TestSuiteChunkerImpl.run(JUnit4TestSuiteChunkerImpl.java:117)
	org.powermock.modules.junit4.common.internal.impl.AbstractCommonPowerMockRunner.run(AbstractCommonPowerMockRunner.java:57)
	org.powermock.modules.junit4.PowerMockRunner.run(PowerMockRunner.java:59)
	org.apache.maven.surefire.junit4.JUnit4Provider.execute(JUnit4Provider.java:365)
	org.apache.maven.surefire.junit4.JUnit4Provider.executeWithRerun(JUnit4Provider.java:273)
	org.apache.maven.surefire.junit4.JUnit4Provider.executeTestSet(JUnit4Provider.java:238)
	org.apache.maven.surefire.junit4.JUnit4Provider.invoke(JUnit4Provider.java:159)
	org.apache.maven.surefire.booter.ForkedBooter.invokeProviderInSameClassLoader(ForkedBooter.java:379)
	org.apache.maven.surefire.booter.ForkedBooter.runSuitesInProcess(ForkedBooter.java:340)
	org.apache.maven.surefire.booter.ForkedBooter.execute(ForkedBooter.java:125)
	org.apache.maven.surefire.booter.ForkedBooter.main(ForkedBooter.java:413)
]]></system-out>
    <rerunError message="Could not initialize class javax.naming.spi.NamingManager" type="java.lang.NoClassDefFoundError">java.lang.NoClassDefFoundError: Could not initialize class javax.naming.spi.NamingManager
	at org.apache.bookkeeper.bookie.BookieJournalTest.createBookieAndReadJournal(BookieJournalTest.java:658)
	at org.apache.bookkeeper.bookie.BookieJournalTest.testV4Journal(BookieJournalTest.java:399)

      <system-out><![CDATA[2020-08-10 23:35:52,412 - INFO  - [main:JournalChannel@157] - Opening journal /tmp/bookie9543705940633759853journal/current/173da4d1852.txn
]]></system-out>
    </rerunError>
    <rerunError message="Could not initialize class javax.naming.spi.NamingManager" type="java.lang.NoClassDefFoundError">java.lang.NoClassDefFoundError: Could not initialize class javax.naming.spi.NamingManager
	at org.apache.bookkeeper.bookie.BookieJournalTest.createBookieAndReadJournal(BookieJournalTest.java:658)
	at org.apache.bookkeeper.bookie.BookieJournalTest.testV4Journal(BookieJournalTest.java:399)

      <system-out><![CDATA[2020-08-10 23:35:55,641 - INFO  - [main:JournalChannel@157] - Opening journal /tmp/bookie13148632879938060581journal/current/173da4d24ee.txn
]]></system-out>
    </rerunError>
  </testcase>
  <testcase name="testV5Journal" classname="org.apache.bookkeeper.bookie.BookieJournalTest" time="0.264">
    <error message="Could not initialize class javax.naming.spi.NamingManager" type="java.lang.NoClassDefFoundError">java.lang.NoClassDefFoundError: Could not initialize class javax.naming.spi.NamingManager
	at org.apache.bookkeeper.bookie.BookieJournalTest.createBookieAndReadJournal(BookieJournalTest.java:658)
	at org.apache.bookkeeper.bookie.BookieJournalTest.testV5Journal(BookieJournalTest.java:429)
</error>
    <system-out><![CDATA[2020-08-10 23:35:49,661 - INFO  - [main:JournalChannel@157] - Opening journal /tmp/bookie990713965761616084journal/current/173da4d0d9c.txn
]]></system-out>
    <rerunError message="Could not initialize class javax.naming.spi.NamingManager" type="java.lang.NoClassDefFoundError">java.lang.NoClassDefFoundError: Could not initialize class javax.naming.spi.NamingManager
	at org.apache.bookkeeper.bookie.BookieJournalTest.createBookieAndReadJournal(BookieJournalTest.java:658)
	at org.apache.bookkeeper.bookie.BookieJournalTest.testV5Journal(BookieJournalTest.java:429)

      <system-out><![CDATA[2020-08-10 23:35:52,458 - INFO  - [main:JournalChannel@157] - Opening journal /tmp/bookie4572844128017585072journal/current/173da4d188a.txn
]]></system-out>
    </rerunError>
    <rerunError message="Could not initialize class javax.naming.spi.NamingManager" type="java.lang.NoClassDefFoundError">java.lang.NoClassDefFoundError: Could not initialize class javax.naming.spi.NamingManager
	at org.apache.bookkeeper.bookie.BookieJournalTest.createBookieAndReadJournal(BookieJournalTest.java:658)
	at org.apache.bookkeeper.bookie.BookieJournalTest.testV5Journal(BookieJournalTest.java:429)

      <system-out><![CDATA[2020-08-10 23:35:55,681 - INFO  - [main:JournalChannel@157] - Opening journal /tmp/bookie11817721459935470043journal/current/173da4d2521.txn
]]></system-out>
    </rerunError>
  </testcase>
  <testcase name="testAllJunkJournal" classname="org.apache.bookkeeper.bookie.BookieJournalTest" time="0.007"/>
  <testcase name="testEmptyJournal" classname="org.apache.bookkeeper.bookie.BookieJournalTest" time="0.005">
    <error message="Could not initialize class javax.naming.spi.NamingManager" type="java.lang.NoClassDefFoundError">java.lang.NoClassDefFoundError: Could not initialize class javax.naming.spi.NamingManager
	at org.apache.bookkeeper.bookie.BookieJournalTest.testEmptyJournal(BookieJournalTest.java:500)
</error>
    <rerunError message="Could not initialize class javax.naming.spi.NamingManager" type="java.lang.NoClassDefFoundError">java.lang.NoClassDefFoundError: Could not initialize class javax.naming.spi.NamingManager
	at org.apache.bookkeeper.bookie.BookieJournalTest.testEmptyJournal(BookieJournalTest.java:500)
</rerunError>
    <rerunError message="Could not initialize class javax.naming.spi.NamingManager" type="java.lang.NoClassDefFoundError">java.lang.NoClassDefFoundError: Could not initialize class javax.naming.spi.NamingManager
	at org.apache.bookkeeper.bookie.BookieJournalTest.testEmptyJournal(BookieJournalTest.java:500)
</rerunError>
  </testcase>
  <testcase name="testHeaderOnlyJournal" classname="org.apache.bookkeeper.bookie.BookieJournalTest" time="0.019">
    <error message="Could not initialize class javax.naming.spi.NamingManager" type="java.lang.NoClassDefFoundError">java.lang.NoClassDefFoundError: Could not initialize class javax.naming.spi.NamingManager
	at org.apache.bookkeeper.bookie.BookieJournalTest.testHeaderOnlyJournal(BookieJournalTest.java:522)
</error>
    <system-out><![CDATA[2020-08-10 23:35:49,940 - INFO  - [main:JournalChannel@157] - Opening journal /tmp/bookie5661781649204978370journal/current/173da4d0eb4.txn
]]></system-out>
    <rerunError message="Could not initialize class javax.naming.spi.NamingManager" type="java.lang.NoClassDefFoundError">java.lang.NoClassDefFoundError: Could not initialize class javax.naming.spi.NamingManager
	at org.apache.bookkeeper.bookie.BookieJournalTest.testHeaderOnlyJournal(BookieJournalTest.java:522)

      <system-out><![CDATA[2020-08-10 23:35:52,668 - INFO  - [main:JournalChannel@157] - Opening journal /tmp/bookie14447890786594235265journal/current/173da4d195c.txn
]]></system-out>
    </rerunError>
    <rerunError message="Could not initialize class javax.naming.spi.NamingManager" type="java.lang.NoClassDefFoundError">java.lang.NoClassDefFoundError: Could not initialize class javax.naming.spi.NamingManager
	at org.apache.bookkeeper.bookie.BookieJournalTest.testHeaderOnlyJournal(BookieJournalTest.java:522)

      <system-out><![CDATA[2020-08-10 23:35:55,875 - INFO  - [main:JournalChannel@157] - Opening journal /tmp/bookie16238678506534400069journal/current/173da4d25e2.txn
]]></system-out>
    </rerunError>
  </testcase>
  <testcase name="testJunkEndedJournal" classname="org.apache.bookkeeper.bookie.BookieJournalTest" time="0.021"/>
  <testcase name="testTruncatedInLenJournal" classname="org.apache.bookkeeper.bookie.BookieJournalTest" time="0.04">
    <error message="Could not initialize class javax.naming.spi.NamingManager" type="java.lang.NoClassDefFoundError">java.lang.NoClassDefFoundError: Could not initialize class javax.naming.spi.NamingManager
	at org.apache.bookkeeper.bookie.BookieJournalTest.createBookieAndReadJournal(BookieJournalTest.java:658)
	at org.apache.bookkeeper.bookie.BookieJournalTest.testTruncatedInLenJournal(BookieJournalTest.java:588)
</error>
    <system-out><![CDATA[2020-08-10 23:35:49,983 - INFO  - [main:JournalChannel@157] - Opening journal /tmp/bookie3243314441185534685journal/current/173da4d0ede.txn
]]></system-out>
    <rerunError message="Could not initialize class javax.naming.spi.NamingManager" type="java.lang.NoClassDefFoundError">java.lang.NoClassDefFoundError: Could not initialize class javax.naming.spi.NamingManager
	at org.apache.bookkeeper.bookie.BookieJournalTest.createBookieAndReadJournal(BookieJournalTest.java:658)
	at org.apache.bookkeeper.bookie.BookieJournalTest.testTruncatedInLenJournal(BookieJournalTest.java:588)

      <system-out><![CDATA[2020-08-10 23:35:52,684 - INFO  - [main:JournalChannel@157] - Opening journal /tmp/bookie9470144146793567006journal/current/173da4d196c.txn
]]></system-out>
    </rerunError>
    <rerunError message="Could not initialize class javax.naming.spi.NamingManager" type="java.lang.NoClassDefFoundError">java.lang.NoClassDefFoundError: Could not initialize class javax.naming.spi.NamingManager
	at org.apache.bookkeeper.bookie.BookieJournalTest.createBookieAndReadJournal(BookieJournalTest.java:658)
	at org.apache.bookkeeper.bookie.BookieJournalTest.testTruncatedInLenJournal(BookieJournalTest.java:588)

      <system-out><![CDATA[2020-08-10 23:35:55,890 - INFO  - [main:JournalChannel@157] - Opening journal /tmp/bookie7955706286861091845journal/current/173da4d25f2.txn
]]></system-out>
    </rerunError>
  </testcase>
  <testcase name="testTruncatedInEntryJournal" classname="org.apache.bookkeeper.bookie.BookieJournalTest" time="0.038">
    <error message="Could not initialize class javax.naming.spi.NamingManager" type="java.lang.NoClassDefFoundError">java.lang.NoClassDefFoundError: Could not initialize class javax.naming.spi.NamingManager
	at org.apache.bookkeeper.bookie.BookieJournalTest.createBookieAndReadJournal(BookieJournalTest.java:658)
	at org.apache.bookkeeper.bookie.BookieJournalTest.testTruncatedInEntryJournal(BookieJournalTest.java:631)
</error>
    <system-out><![CDATA[2020-08-10 23:35:50,025 - INFO  - [main:JournalChannel@157] - Opening journal /tmp/bookie1400065045728728063journal/current/173da4d0f08.txn
]]></system-out>
    <rerunError message="Could not initialize class javax.naming.spi.NamingManager" type="java.lang.NoClassDefFoundError">java.lang.NoClassDefFoundError: Could not initialize class javax.naming.spi.NamingManager
	at org.apache.bookkeeper.bookie.BookieJournalTest.createBookieAndReadJournal(BookieJournalTest.java:658)
	at org.apache.bookkeeper.bookie.BookieJournalTest.testTruncatedInEntryJournal(BookieJournalTest.java:631)

      <system-out><![CDATA[2020-08-10 23:35:52,723 - INFO  - [main:JournalChannel@157] - Opening journal /tmp/bookie1926168471558692904journal/current/173da4d1993.txn
]]></system-out>
    </rerunError>
    <rerunError message="Could not initialize class javax.naming.spi.NamingManager" type="java.lang.NoClassDefFoundError">java.lang.NoClassDefFoundError: Could not initialize class javax.naming.spi.NamingManager
	at org.apache.bookkeeper.bookie.BookieJournalTest.createBookieAndReadJournal(BookieJournalTest.java:658)
	at org.apache.bookkeeper.bookie.BookieJournalTest.testTruncatedInEntryJournal(BookieJournalTest.java:631)

      <system-out><![CDATA[2020-08-10 23:35:55,927 - INFO  - [main:JournalChannel@157] - Opening journal /tmp/bookie5510825906303344014journal/current/173da4d2617.txn
]]></system-out>
    </rerunError>
  </testcase>
  <testcase name="testSortedLedgerStorageReplayWithSmallMaxArenaSize" classname="org.apache.bookkeeper.bookie.BookieJournalTest" time="0.043">
    <error message="Could not initialize class javax.naming.spi.NamingManager" type="java.lang.NoClassDefFoundError">java.lang.NoClassDefFoundError: Could not initialize class javax.naming.spi.NamingManager
	at org.apache.bookkeeper.bookie.BookieJournalTest.testSortedLedgerStorageReplayWithSmallMaxArenaSize(BookieJournalTest.java:693)
</error>
    <system-out><![CDATA[2020-08-10 23:35:50,065 - INFO  - [main:JournalChannel@157] - Opening journal /tmp/bookie9362382521049627756journal/current/173da4d0f30.txn
]]></system-out>
    <rerunError message="Could not initialize class javax.naming.spi.NamingManager" type="java.lang.NoClassDefFoundError">java.lang.NoClassDefFoundError: Could not initialize class javax.naming.spi.NamingManager
	at org.apache.bookkeeper.bookie.BookieJournalTest.testSortedLedgerStorageReplayWithSmallMaxArenaSize(BookieJournalTest.java:693)

      <system-out><![CDATA[2020-08-10 23:35:52,760 - INFO  - [main:JournalChannel@157] - Opening journal /tmp/bookie1773036063861473713journal/current/173da4d19b8.txn
]]></system-out>
    </rerunError>
    <rerunError message="Could not initialize class javax.naming.spi.NamingManager" type="java.lang.NoClassDefFoundError">java.lang.NoClassDefFoundError: Could not initialize class javax.naming.spi.NamingManager
	at org.apache.bookkeeper.bookie.BookieJournalTest.testSortedLedgerStorageReplayWithSmallMaxArenaSize(BookieJournalTest.java:693)

      <system-out><![CDATA[2020-08-10 23:35:55,965 - INFO  - [main:JournalChannel@157] - Opening journal /tmp/bookie11120241236746905322journal/current/173da4d263c.txn
]]></system-out>
    </rerunError>
  </testcase>
  <testcase name="testPartialFileInfoPreV3Journal1" classname="org.apache.bookkeeper.bookie.BookieJournalTest" time="0.035">
    <error message="Could not initialize class javax.naming.spi.NamingManager" type="java.lang.NoClassDefFoundError">java.lang.NoClassDefFoundError: Could not initialize class javax.naming.spi.NamingManager
	at org.apache.bookkeeper.bookie.BookieJournalTest.testPartialFileInfoPreV3Journal(BookieJournalTest.java:738)
	at org.apache.bookkeeper.bookie.BookieJournalTest.testPartialFileInfoPreV3Journal1(BookieJournalTest.java:705)
</error>
    <rerunError message="Could not initialize class javax.naming.spi.NamingManager" type="java.lang.NoClassDefFoundError">java.lang.NoClassDefFoundError: Could not initialize class javax.naming.spi.NamingManager
	at org.apache.bookkeeper.bookie.BookieJournalTest.testPartialFileInfoPreV3Journal(BookieJournalTest.java:738)
	at org.apache.bookkeeper.bookie.BookieJournalTest.testPartialFileInfoPreV3Journal1(BookieJournalTest.java:705)
</rerunError>
    <rerunError message="Could not initialize class javax.naming.spi.NamingManager" type="java.lang.NoClassDefFoundError">java.lang.NoClassDefFoundError: Could not initialize class javax.naming.spi.NamingManager
	at org.apache.bookkeeper.bookie.BookieJournalTest.testPartialFileInfoPreV3Journal(BookieJournalTest.java:738)
	at org.apache.bookkeeper.bookie.BookieJournalTest.testPartialFileInfoPreV3Journal1(BookieJournalTest.java:705)
</rerunError>
  </testcase>
  <testcase name="testPartialFileInfoPreV3Journal2" classname="org.apache.bookkeeper.bookie.BookieJournalTest" time="0.027">
    <error message="Could not initialize class javax.naming.spi.NamingManager" type="java.lang.NoClassDefFoundError">java.lang.NoClassDefFoundError: Could not initialize class javax.naming.spi.NamingManager
	at org.apache.bookkeeper.bookie.BookieJournalTest.testPartialFileInfoPreV3Journal(BookieJournalTest.java:744)
	at org.apache.bookkeeper.bookie.BookieJournalTest.testPartialFileInfoPreV3Journal2(BookieJournalTest.java:713)
</error>
    <rerunError message="Could not initialize class javax.naming.spi.NamingManager" type="java.lang.NoClassDefFoundError">java.lang.NoClassDefFoundError: Could not initialize class javax.naming.spi.NamingManager
	at org.apache.bookkeeper.bookie.BookieJournalTest.testPartialFileInfoPreV3Journal(BookieJournalTest.java:744)
	at org.apache.bookkeeper.bookie.BookieJournalTest.testPartialFileInfoPreV3Journal2(BookieJournalTest.java:713)
</rerunError>
    <rerunError message="Could not initialize class javax.naming.spi.NamingManager" type="java.lang.NoClassDefFoundError">java.lang.NoClassDefFoundError: Could not initialize class javax.naming.spi.NamingManager
	at org.apache.bookkeeper.bookie.BookieJournalTest.testPartialFileInfoPreV3Journal(BookieJournalTest.java:744)
	at org.apache.bookkeeper.bookie.BookieJournalTest.testPartialFileInfoPreV3Journal2(BookieJournalTest.java:713)
</rerunError>
  </testcase>
  <testcase name="testPartialFileInfoPostV3Journal1" classname="org.apache.bookkeeper.bookie.BookieJournalTest" time="0.036">
    <error message="Could not initialize class javax.naming.spi.NamingManager" type="java.lang.NoClassDefFoundError">java.lang.NoClassDefFoundError: Could not initialize class javax.naming.spi.NamingManager
	at org.apache.bookkeeper.bookie.BookieJournalTest.testPartialFileInfoPostV3Journal(BookieJournalTest.java:794)
	at org.apache.bookkeeper.bookie.BookieJournalTest.testPartialFileInfoPostV3Journal1(BookieJournalTest.java:761)
</error>
    <system-out><![CDATA[2020-08-10 23:35:50,178 - INFO  - [main:JournalChannel@157] - Opening journal /tmp/bookie11769255430092407473journal/current/173da4d0fa2.txn
]]></system-out>
    <rerunError message="Could not initialize class javax.naming.spi.NamingManager" type="java.lang.NoClassDefFoundError">java.lang.NoClassDefFoundError: Could not initialize class javax.naming.spi.NamingManager
	at org.apache.bookkeeper.bookie.BookieJournalTest.testPartialFileInfoPostV3Journal(BookieJournalTest.java:794)
	at org.apache.bookkeeper.bookie.BookieJournalTest.testPartialFileInfoPostV3Journal1(BookieJournalTest.java:761)

      <system-out><![CDATA[2020-08-10 23:35:52,846 - INFO  - [main:JournalChannel@157] - Opening journal /tmp/bookie5340301733707123964journal/current/173da4d1a0d.txn
]]></system-out>
    </rerunError>
    <rerunError message="Could not initialize class javax.naming.spi.NamingManager" type="java.lang.NoClassDefFoundError">java.lang.NoClassDefFoundError: Could not initialize class javax.naming.spi.NamingManager
	at org.apache.bookkeeper.bookie.BookieJournalTest.testPartialFileInfoPostV3Journal(BookieJournalTest.java:794)
	at org.apache.bookkeeper.bookie.BookieJournalTest.testPartialFileInfoPostV3Journal1(BookieJournalTest.java:761)

      <system-out><![CDATA[2020-08-10 23:35:56,047 - INFO  - [main:JournalChannel@157] - Opening journal /tmp/bookie14842707478294131866journal/current/173da4d268f.txn
]]></system-out>
    </rerunError>
  </testcase>
  <testcase name="testPartialFileInfoPostV3Journal2" classname="org.apache.bookkeeper.bookie.BookieJournalTest" time="0.036">
    <error message="Could not initialize class javax.naming.spi.NamingManager" type="java.lang.NoClassDefFoundError">java.lang.NoClassDefFoundError: Could not initialize class javax.naming.spi.NamingManager
	at org.apache.bookkeeper.bookie.BookieJournalTest.testPartialFileInfoPostV3Journal(BookieJournalTest.java:794)
	at org.apache.bookkeeper.bookie.BookieJournalTest.testPartialFileInfoPostV3Journal2(BookieJournalTest.java:769)
</error>
    <system-out><![CDATA[2020-08-10 23:35:50,217 - INFO  - [main:JournalChannel@157] - Opening journal /tmp/bookie14939271466828684606journal/current/173da4d0fc9.txn
]]></system-out>
    <rerunError message="Could not initialize class javax.naming.spi.NamingManager" type="java.lang.NoClassDefFoundError">java.lang.NoClassDefFoundError: Could not initialize class javax.naming.spi.NamingManager
	at org.apache.bookkeeper.bookie.BookieJournalTest.testPartialFileInfoPostV3Journal(BookieJournalTest.java:794)
	at org.apache.bookkeeper.bookie.BookieJournalTest.testPartialFileInfoPostV3Journal2(BookieJournalTest.java:769)

      <system-out><![CDATA[2020-08-10 23:35:52,879 - INFO  - [main:JournalChannel@157] - Opening journal /tmp/bookie11303047819166717785journal/current/173da4d1a2f.txn
]]></system-out>
    </rerunError>
    <rerunError message="Could not initialize class javax.naming.spi.NamingManager" type="java.lang.NoClassDefFoundError">java.lang.NoClassDefFoundError: Could not initialize class javax.naming.spi.NamingManager
	at org.apache.bookkeeper.bookie.BookieJournalTest.testPartialFileInfoPostV3Journal(BookieJournalTest.java:794)
	at org.apache.bookkeeper.bookie.BookieJournalTest.testPartialFileInfoPostV3Journal2(BookieJournalTest.java:769)

      <system-out><![CDATA[2020-08-10 23:35:56,079 - INFO  - [main:JournalChannel@157] - Opening journal /tmp/bookie17319329145748872696journal/current/173da4d26af.txn
]]></system-out>
    </rerunError>
  </testcase>
  <testcase name="testJournalScanIOException" classname="org.apache.bookkeeper.bookie.BookieJournalTest" time="0.645">
    <error message="Could not initialize class javax.naming.spi.NamingManager" type="java.lang.NoClassDefFoundError">java.lang.NoClassDefFoundError: Could not initialize class javax.naming.spi.NamingManager
	at org.apache.bookkeeper.bookie.BookieJournalTest.testJournalScanIOException(BookieJournalTest.java:832)
</error>
    <system-out><![CDATA[2020-08-10 23:35:50,254 - INFO  - [main:JournalChannel@157] - Opening journal /tmp/bookie9038908238230414983journal/current/173da4d0fed.txn
]]></system-out>
    <system-err><![CDATA[log4j:ERROR A "org.apache.log4j.ConsoleAppender" object is not assignable to a "org.apache.log4j.Appender" variable.
log4j:ERROR The class "org.apache.log4j.Appender" was loaded by 
log4j:ERROR [jdk.internal.loader.ClassLoaders$AppClassLoader@8bcc55f] whereas object of type 
log4j:ERROR "org.apache.log4j.ConsoleAppender" was loaded by [org.powermock.core.classloader.javassist.JavassistMockClassLoader@7cbd213e].
log4j:ERROR Could not instantiate appender named "CONSOLE".
]]></system-err>
    <rerunError message="Could not initialize class javax.naming.spi.NamingManager" type="java.lang.NoClassDefFoundError">java.lang.NoClassDefFoundError: Could not initialize class javax.naming.spi.NamingManager
	at org.apache.bookkeeper.bookie.BookieJournalTest.testJournalScanIOException(BookieJournalTest.java:832)

      <system-out><![CDATA[2020-08-10 23:35:52,913 - INFO  - [main:JournalChannel@157] - Opening journal /tmp/bookie2102196387310166000journal/current/173da4d1a51.txn
2020-08-10 23:35:52,956 - ERROR - [main:ResourceLeakDetector@317] - LEAK: ByteBuf.release() was not called before it's garbage-collected. See http://netty.io/wiki/reference-counted-objects.html for more information.
Recent access records: 
#1:
	io.netty.buffer.AdvancedLeakAwareByteBuf.writeLong(AdvancedLeakAwareByteBuf.java:568)
	org.apache.bookkeeper.proto.checksum.CRC32DigestManager.populateValueAndReset(CRC32DigestManager.java:61)
	org.apache.bookkeeper.proto.checksum.DigestManager.computeDigestAndPackageForSending(DigestManager.java:114)
	org.apache.bookkeeper.client.ClientUtil.generatePacket(ClientUtil.java:53)
	org.apache.bookkeeper.bookie.BookieJournalTest.writeV5Journal(BookieJournalTest.java:323)
	org.apache.bookkeeper.bookie.BookieJournalTest.writeV5Journal(BookieJournalTest.java:302)
	org.apache.bookkeeper.bookie.BookieJournalTest.testV5Journal(BookieJournalTest.java:421)
	java.base/jdk.internal.reflect.NativeMethodAccessorImpl.invoke0(Native Method)
	java.base/jdk.internal.reflect.NativeMethodAccessorImpl.invoke(NativeMethodAccessorImpl.java:62)
	java.base/jdk.internal.reflect.DelegatingMethodAccessorImpl.invoke(DelegatingMethodAccessorImpl.java:43)
	java.base/java.lang.reflect.Method.invoke(Method.java:566)
	org.junit.internal.runners.TestMethod.invoke(TestMethod.java:68)
	org.powermock.modules.junit4.internal.impl.PowerMockJUnit44RunnerDelegateImpl$PowerMockJUnit44MethodRunner.runTestMethod(PowerMockJUnit44RunnerDelegateImpl.java:326)
	org.junit.internal.runners.MethodRoadie$2.run(MethodRoadie.java:89)
	org.junit.internal.runners.MethodRoadie.runBeforesThenTestThenAfters(MethodRoadie.java:97)
	org.powermock.modules.junit4.internal.impl.PowerMockJUnit44RunnerDelegateImpl$PowerMockJUnit44MethodRunner.executeTest(PowerMockJUnit44RunnerDelegateImpl.java:310)
	org.powermock.modules.junit4.internal.impl.PowerMockJUnit47RunnerDelegateImpl$PowerMockJUnit47MethodRunner.executeTestInSuper(PowerMockJUnit47RunnerDelegateImpl.java:131)
	org.powermock.modules.junit4.internal.impl.PowerMockJUnit47RunnerDelegateImpl$PowerMockJUnit47MethodRunner.access$100(PowerMockJUnit47RunnerDelegateImpl.java:59)
	org.powermock.modules.junit4.internal.impl.PowerMockJUnit47RunnerDelegateImpl$PowerMockJUnit47MethodRunner$TestExecutorStatement.evaluate(PowerMockJUnit47RunnerDelegateImpl.java:147)
	org.powermock.modules.junit4.internal.impl.PowerMockJUnit47RunnerDelegateImpl$PowerMockJUnit47MethodRunner.evaluateStatement(PowerMockJUnit47RunnerDelegateImpl.java:107)
	org.powermock.modules.junit4.internal.impl.PowerMockJUnit47RunnerDelegateImpl$PowerMockJUnit47MethodRunner.executeTest(PowerMockJUnit47RunnerDelegateImpl.java:82)
	org.powermock.modules.junit4.internal.impl.PowerMockJUnit44RunnerDelegateImpl$PowerMockJUnit44MethodRunner.runBeforesThenTestThenAfters(PowerMockJUnit44RunnerDelegateImpl.java:298)
	org.junit.internal.runners.MethodRoadie.runTest(MethodRoadie.java:87)
	org.junit.internal.runners.MethodRoadie.run(MethodRoadie.java:50)
	org.powermock.modules.junit4.internal.impl.PowerMockJUnit44RunnerDelegateImpl.invokeTestMethod(PowerMockJUnit44RunnerDelegateImpl.java:218)
	org.powermock.modules.junit4.internal.impl.PowerMockJUnit44RunnerDelegateImpl.runMethods(PowerMockJUnit44RunnerDelegateImpl.java:160)
	org.powermock.modules.junit4.internal.impl.PowerMockJUnit44RunnerDelegateImpl$1.run(PowerMockJUnit44RunnerDelegateImpl.java:134)
	org.junit.internal.runners.ClassRoadie.runUnprotected(ClassRoadie.java:34)
	org.junit.internal.runners.ClassRoadie.runProtected(ClassRoadie.java:44)
	org.powermock.modules.junit4.internal.impl.PowerMockJUnit44RunnerDelegateImpl.run(PowerMockJUnit44RunnerDelegateImpl.java:136)
	org.powermock.modules.junit4.common.internal.impl.JUnit4TestSuiteChunkerImpl.run(JUnit4TestSuiteChunkerImpl.java:117)
	org.powermock.modules.junit4.common.internal.impl.AbstractCommonPowerMockRunner.run(AbstractCommonPowerMockRunner.java:57)
	org.powermock.modules.junit4.PowerMockRunner.run(PowerMockRunner.java:59)
	org.apache.maven.surefire.junit4.JUnit4Provider.execute(JUnit4Provider.java:365)
	org.apache.maven.surefire.junit4.JUnit4Provider.executeWithRerun(JUnit4Provider.java:290)
	org.apache.maven.surefire.junit4.JUnit4Provider.executeTestSet(JUnit4Provider.java:238)
	org.apache.maven.surefire.junit4.JUnit4Provider.invoke(JUnit4Provider.java:159)
	org.apache.maven.surefire.booter.ForkedBooter.invokeProviderInSameClassLoader(ForkedBooter.java:379)
	org.apache.maven.surefire.booter.ForkedBooter.runSuitesInProcess(ForkedBooter.java:340)
	org.apache.maven.surefire.booter.ForkedBooter.execute(ForkedBooter.java:125)
	org.apache.maven.surefire.booter.ForkedBooter.main(ForkedBooter.java:413)
#2:
	io.netty.buffer.AdvancedLeakAwareByteBuf.writeLong(AdvancedLeakAwareByteBuf.java:568)
	org.apache.bookkeeper.proto.checksum.DigestManager.computeDigestAndPackageForSending(DigestManager.java:110)
	org.apache.bookkeeper.client.ClientUtil.generatePacket(ClientUtil.java:53)
	org.apache.bookkeeper.bookie.BookieJournalTest.writeV5Journal(BookieJournalTest.java:323)
	org.apache.bookkeeper.bookie.BookieJournalTest.writeV5Journal(BookieJournalTest.java:302)
	org.apache.bookkeeper.bookie.BookieJournalTest.testV5Journal(BookieJournalTest.java:421)
	java.base/jdk.internal.reflect.NativeMethodAccessorImpl.invoke0(Native Method)
	java.base/jdk.internal.reflect.NativeMethodAccessorImpl.invoke(NativeMethodAccessorImpl.java:62)
	java.base/jdk.internal.reflect.DelegatingMethodAccessorImpl.invoke(DelegatingMethodAccessorImpl.java:43)
	java.base/java.lang.reflect.Method.invoke(Method.java:566)
	org.junit.internal.runners.TestMethod.invoke(TestMethod.java:68)
	org.powermock.modules.junit4.internal.impl.PowerMockJUnit44RunnerDelegateImpl$PowerMockJUnit44MethodRunner.runTestMethod(PowerMockJUnit44RunnerDelegateImpl.java:326)
	org.junit.internal.runners.MethodRoadie$2.run(MethodRoadie.java:89)
	org.junit.internal.runners.MethodRoadie.runBeforesThenTestThenAfters(MethodRoadie.java:97)
	org.powermock.modules.junit4.internal.impl.PowerMockJUnit44RunnerDelegateImpl$PowerMockJUnit44MethodRunner.executeTest(PowerMockJUnit44RunnerDelegateImpl.java:310)
	org.powermock.modules.junit4.internal.impl.PowerMockJUnit47RunnerDelegateImpl$PowerMockJUnit47MethodRunner.executeTestInSuper(PowerMockJUnit47RunnerDelegateImpl.java:131)
	org.powermock.modules.junit4.internal.impl.PowerMockJUnit47RunnerDelegateImpl$PowerMockJUnit47MethodRunner.access$100(PowerMockJUnit47RunnerDelegateImpl.java:59)
	org.powermock.modules.junit4.internal.impl.PowerMockJUnit47RunnerDelegateImpl$PowerMockJUnit47MethodRunner$TestExecutorStatement.evaluate(PowerMockJUnit47RunnerDelegateImpl.java:147)
	org.powermock.modules.junit4.internal.impl.PowerMockJUnit47RunnerDelegateImpl$PowerMockJUnit47MethodRunner.evaluateStatement(PowerMockJUnit47RunnerDelegateImpl.java:107)
	org.powermock.modules.junit4.internal.impl.PowerMockJUnit47RunnerDelegateImpl$PowerMockJUnit47MethodRunner.executeTest(PowerMockJUnit47RunnerDelegateImpl.java:82)
[...]
	org.powermock.modules.junit4.common.internal.impl.AbstractCommonPowerMockRunner.run(AbstractCommonPowerMockRunner.java:57)
	org.powermock.modules.junit4.PowerMockRunner.run(PowerMockRunner.java:59)
	org.apache.maven.surefire.junit4.JUnit4Provider.execute(JUnit4Provider.java:365)
	org.apache.maven.surefire.junit4.JUnit4Provider.executeWithRerun(JUnit4Provider.java:290)
	org.apache.maven.surefire.junit4.JUnit4Provider.executeTestSet(JUnit4Provider.java:238)
	org.apache.maven.surefire.junit4.JUnit4Provider.invoke(JUnit4Provider.java:159)
	org.apache.maven.surefire.booter.ForkedBooter.invokeProviderInSameClassLoader(ForkedBooter.java:379)
	org.apache.maven.surefire.booter.ForkedBooter.runSuitesInProcess(ForkedBooter.java:340)
	org.apache.maven.surefire.booter.ForkedBooter.execute(ForkedBooter.java:125)
	org.apache.maven.surefire.booter.ForkedBooter.main(ForkedBooter.java:413)
: 10 leak records were discarded because they were duplicates
: 3076 leak records were discarded because the leak record count is targeted to 4. Use system property io.netty.leakDetection.targetRecords to increase the limit.
2020-08-10 23:35:53,786 - ERROR - [main:ResourceLeakDetector@317] - LEAK: ByteBuf.release() was not called before it's garbage-collected. See http://netty.io/wiki/reference-counted-objects.html for more information.
Recent access records: 
#1:
	io.netty.buffer.AdvancedLeakAwareByteBuf.internalNioBuffer(AdvancedLeakAwareByteBuf.java:736)
	org.apache.bookkeeper.bookie.BufferedChannel.flush(BufferedChannel.java:192)
	org.apache.bookkeeper.bookie.BufferedChannel.flushAndForceWrite(BufferedChannel.java:166)
	org.apache.bookkeeper.bookie.BookieJournalTest.writeV3Journal(BookieJournalTest.java:256)
	org.apache.bookkeeper.bookie.BookieJournalTest.testPartialFileInfoPostV3Journal(BookieJournalTest.java:785)
	org.apache.bookkeeper.bookie.BookieJournalTest.testPartialFileInfoPostV3Journal2(BookieJournalTest.java:769)
	java.base/jdk.internal.reflect.NativeMethodAccessorImpl.invoke0(Native Method)
	java.base/jdk.internal.reflect.NativeMethodAccessorImpl.invoke(NativeMethodAccessorImpl.java:62)
	java.base/jdk.internal.reflect.DelegatingMethodAccessorImpl.invoke(DelegatingMethodAccessorImpl.java:43)
	java.base/java.lang.reflect.Method.invoke(Method.java:566)
	org.junit.internal.runners.TestMethod.invoke(TestMethod.java:68)
	org.powermock.modules.junit4.internal.impl.PowerMockJUnit44RunnerDelegateImpl$PowerMockJUnit44MethodRunner.runTestMethod(PowerMockJUnit44RunnerDelegateImpl.java:326)
	org.junit.internal.runners.MethodRoadie$2.run(MethodRoadie.java:89)
	org.junit.internal.runners.MethodRoadie.runBeforesThenTestThenAfters(MethodRoadie.java:97)
	org.powermock.modules.junit4.internal.impl.PowerMockJUnit44RunnerDelegateImpl$PowerMockJUnit44MethodRunner.executeTest(PowerMockJUnit44RunnerDelegateImpl.java:310)
	org.powermock.modules.junit4.internal.impl.PowerMockJUnit47RunnerDelegateImpl$PowerMockJUnit47MethodRunner.executeTestInSuper(PowerMockJUnit47RunnerDelegateImpl.java:131)
	org.powermock.modules.junit4.internal.impl.PowerMockJUnit47RunnerDelegateImpl$PowerMockJUnit47MethodRunner.access$100(PowerMockJUnit47RunnerDelegateImpl.java:59)
	org.powermock.modules.junit4.internal.impl.PowerMockJUnit47RunnerDelegateImpl$PowerMockJUnit47MethodRunner$TestExecutorStatement.evaluate(PowerMockJUnit47RunnerDelegateImpl.java:147)
	org.powermock.modules.junit4.internal.impl.PowerMockJUnit47RunnerDelegateImpl$PowerMockJUnit47MethodRunner.evaluateStatement(PowerMockJUnit47RunnerDelegateImpl.java:107)
	org.powermock.modules.junit4.internal.impl.PowerMockJUnit47RunnerDelegateImpl$PowerMockJUnit47MethodRunner.executeTest(PowerMockJUnit47RunnerDelegateImpl.java:82)
	org.powermock.modules.junit4.internal.impl.PowerMockJUnit44RunnerDelegateImpl$PowerMockJUnit44MethodRunner.runBeforesThenTestThenAfters(PowerMockJUnit44RunnerDelegateImpl.java:298)
	org.junit.internal.runners.MethodRoadie.runTest(MethodRoadie.java:87)
	org.junit.internal.runners.MethodRoadie.run(MethodRoadie.java:50)
	org.powermock.modules.junit4.internal.impl.PowerMockJUnit44RunnerDelegateImpl.invokeTestMethod(PowerMockJUnit44RunnerDelegateImpl.java:218)
	org.powermock.modules.junit4.internal.impl.PowerMockJUnit44RunnerDelegateImpl.runMethods(PowerMockJUnit44RunnerDelegateImpl.java:160)
	org.powermock.modules.junit4.internal.impl.PowerMockJUnit44RunnerDelegateImpl$1.run(PowerMockJUnit44RunnerDelegateImpl.java:134)
	org.junit.internal.runners.ClassRoadie.runUnprotected(ClassRoadie.java:34)
	org.junit.internal.runners.ClassRoadie.runProtected(ClassRoadie.java:44)
	org.powermock.modules.junit4.internal.impl.PowerMockJUnit44RunnerDelegateImpl.run(PowerMockJUnit44RunnerDelegateImpl.java:136)
	org.powermock.modules.junit4.common.internal.impl.JUnit4TestSuiteChunkerImpl.run(JUnit4TestSuiteChunkerImpl.java:117)
	org.powermock.modules.junit4.common.internal.impl.AbstractCommonPowerMockRunner.run(AbstractCommonPowerMockRunner.java:57)
	org.powermock.modules.junit4.PowerMockRunner.run(PowerMockRunner.java:59)
	org.apache.maven.surefire.junit4.JUnit4Provider.execute(JUnit4Provider.java:365)
	org.apache.maven.surefire.junit4.JUnit4Provider.executeWithRerun(JUnit4Provider.java:290)
	org.apache.maven.surefire.junit4.JUnit4Provider.executeTestSet(JUnit4Provider.java:238)
	org.apache.maven.surefire.junit4.JUnit4Provider.invoke(JUnit4Provider.java:159)
	org.apache.maven.surefire.booter.ForkedBooter.invokeProviderInSameClassLoader(ForkedBooter.java:379)
	org.apache.maven.surefire.booter.ForkedBooter.runSuitesInProcess(ForkedBooter.java:340)
	org.apache.maven.surefire.booter.ForkedBooter.execute(ForkedBooter.java:125)
	org.apache.maven.surefire.booter.ForkedBooter.main(ForkedBooter.java:413)
#2:
	io.netty.buffer.AdvancedLeakAwareByteBuf.writeBytes(AdvancedLeakAwareByteBuf.java:604)
	org.apache.bookkeeper.bookie.BufferedChannel.write(BufferedChannel.java:117)
	org.apache.bookkeeper.bookie.BookieJournalTest.writeV3Journal(BookieJournalTest.java:253)
	org.apache.bookkeeper.bookie.BookieJournalTest.testPartialFileInfoPostV3Journal(BookieJournalTest.java:785)
	org.apache.bookkeeper.bookie.BookieJournalTest.testPartialFileInfoPostV3Journal2(BookieJournalTest.java:769)
	java.base/jdk.internal.reflect.NativeMethodAccessorImpl.invoke0(Native Method)
	java.base/jdk.internal.reflect.NativeMethodAccessorImpl.invoke(NativeMethodAccessorImpl.java:62)
	java.base/jdk.internal.reflect.DelegatingMethodAccessorImpl.invoke(DelegatingMethodAccessorImpl.java:43)
	java.base/java.lang.reflect.Method.invoke(Method.java:566)
	org.junit.internal.runners.TestMethod.invoke(TestMethod.java:68)
	org.powermock.modules.junit4.internal.impl.PowerMockJUnit44RunnerDelegateImpl$PowerMockJUnit44MethodRunner.runTestMethod(PowerMockJUnit44RunnerDelegateImpl.java:326)
	org.junit.internal.runners.MethodRoadie$2.run(MethodRoadie.java:89)
	org.junit.internal.runners.MethodRoadie.runBeforesThenTestThenAfters(MethodRoadie.java:97)
	org.powermock.modules.junit4.internal.impl.PowerMockJUnit44RunnerDelegateImpl$PowerMockJUnit44MethodRunner.executeTest(PowerMockJUnit44RunnerDelegateImpl.java:310)
	org.powermock.modules.junit4.internal.impl.PowerMockJUnit47RunnerDelegateImpl$PowerMockJUnit47MethodRunner.executeTestInSuper(PowerMockJUnit47RunnerDelegateImpl.java:131)
	org.powermock.modules.junit4.internal.impl.PowerMockJUnit47RunnerDelegateImpl$PowerMockJUnit47MethodRunner.access$100(PowerMockJUnit47RunnerDelegateImpl.java:59)
	org.powermock.modules.junit4.internal.impl.PowerMockJUnit47RunnerDelegateImpl$PowerMockJUnit47MethodRunner$TestExecutorStatement.evaluate(PowerMockJUnit47RunnerDelegateImpl.java:147)
	org.powermock.modules.junit4.internal.impl.PowerMockJUnit47RunnerDelegateImpl$PowerMockJUnit47MethodRunner.evaluateStatement(PowerMockJUnit47RunnerDelegateImpl.java:107)
	org.powermock.modules.junit4.internal.impl.PowerMockJUnit47RunnerDelegateImpl$PowerMockJUnit47MethodRunner.executeTest(PowerMockJUnit47RunnerDelegateImpl.java:82)
	org.powermock.modules.junit4.internal.impl.PowerMockJUnit44RunnerDelegateImpl$PowerMockJUnit44MethodRunner.runBeforesThenTestThenAfters(PowerMockJUnit44RunnerDelegateImpl.java:298)
	org.junit.internal.runners.MethodRoadie.runTest(MethodRoadie.java:87)
	org.junit.internal.runners.MethodRoadie.run(MethodRoadie.java:50)
	org.powermock.modules.junit4.internal.impl.PowerMockJUnit44RunnerDelegateImpl.invokeTestMethod(PowerMockJUnit44RunnerDelegateImpl.java:218)
	org.powermock.modules.junit4.internal.impl.PowerMockJUnit44RunnerDelegateImpl.runMethods(PowerMockJUnit44RunnerDelegateImpl.java:160)
	org.powermock.modules.junit4.internal.impl.PowerMockJUnit44RunnerDelegateImpl$1.run(PowerMockJUnit44RunnerDelegateImpl.java:134)
	org.junit.internal.runners.ClassRoadie.runUnprotected(ClassRoadie.java:34)
	org.junit.internal.runners.ClassRoadie.runProtected(ClassRoadie.java:44)
	org.powermock.modules.junit4.internal.impl.PowerMockJUnit44RunnerDelegateImpl.run(PowerMockJUnit44RunnerDelegateImpl.java:136)
	org.powermock.modules.junit4.common.internal.impl.JUnit4TestSuiteChunkerImpl.run(JUnit4TestSuiteChunkerImpl.java:117)
	org.powermock.modules.junit4.common.internal.impl.AbstractCommonPowerMockRunner.run(AbstractCommonPowerMockRunner.java:57)
	org.powermock.modules.junit4.PowerMockRunner.run(PowerMockRunner.java:59)
	org.apache.maven.surefire.junit4.JUnit4Provider.execute(JUnit4Provider.java:365)
	org.apache.maven.surefire.junit4.JUnit4Provider.executeWithRerun(JUnit4Provider.java:290)
	org.apache.maven.surefire.junit4.JUnit4Provider.executeTestSet(JUnit4Provider.java:238)
	org.apache.maven.surefire.junit4.JUnit4Provider.invoke(JUnit4Provider.java:159)
	org.apache.maven.surefire.booter.ForkedBooter.invokeProviderInSameClassLoader(ForkedBooter.java:379)
	org.apache.maven.surefire.booter.ForkedBooter.runSuitesInProcess(ForkedBooter.java:340)
	org.apache.maven.surefire.booter.ForkedBooter.execute(ForkedBooter.java:125)
	org.apache.maven.surefire.booter.ForkedBooter.main(ForkedBooter.java:413)
#3:
	io.netty.buffer.AdvancedLeakAwareByteBuf.writeBytes(AdvancedLeakAwareByteBuf.java:604)
	org.apache.bookkeeper.bookie.BufferedChannel.write(BufferedChannel.java:117)
	org.apache.bookkeeper.bookie.BookieJournalTest.writeV3Journal(BookieJournalTest.java:252)
	org.apache.bookkeeper.bookie.BookieJournalTest.testPartialFileInfoPostV3Journal(BookieJournalTest.java:785)
	org.apache.bookkeeper.bookie.BookieJournalTest.testPartialFileInfoPostV3Journal2(BookieJournalTest.java:769)
	java.base/jdk.internal.reflect.NativeMethodAccessorImpl.invoke0(Native Method)
	java.base/jdk.internal.reflect.NativeMethodAccessorImpl.invoke(NativeMethodAccessorImpl.java:62)
	java.base/jdk.internal.reflect.DelegatingMethodAccessorImpl.invoke(DelegatingMethodAccessorImpl.java:43)
	java.base/java.lang.reflect.Method.invoke(Method.java:566)
	org.junit.internal.runners.TestMethod.invoke(TestMethod.java:68)
	org.powermock.modules.junit4.internal.impl.PowerMockJUnit44RunnerDelegateImpl$PowerMockJUnit44MethodRunner.runTestMethod(PowerMockJUnit44RunnerDelegateImpl.java:326)
	org.junit.internal.runners.MethodRoadie$2.run(MethodRoadie.java:89)
	org.junit.internal.runners.MethodRoadie.runBeforesThenTestThenAfters(MethodRoadie.java:97)
	org.powermock.modules.junit4.internal.impl.PowerMockJUnit44RunnerDelegateImpl$PowerMockJUnit44MethodRunner.executeTest(PowerMockJUnit44RunnerDelegateImpl.java:310)
	org.powermock.modules.junit4.internal.impl.PowerMockJUnit47RunnerDelegateImpl$PowerMockJUnit47MethodRunner.executeTestInSuper(PowerMockJUnit47RunnerDelegateImpl.java:131)
	org.powermock.modules.junit4.internal.impl.PowerMockJUnit47RunnerDelegateImpl$PowerMockJUnit47MethodRunner.access$100(PowerMockJUnit47RunnerDelegateImpl.java:59)
	org.powermock.modules.junit4.internal.impl.PowerMockJUnit47RunnerDelegateImpl$PowerMockJUnit47MethodRunner$TestExecutorStatement.evaluate(PowerMockJUnit47RunnerDelegateImpl.java:147)
	org.powermock.modules.junit4.internal.impl.PowerMockJUnit47RunnerDelegateImpl$PowerMockJUnit47MethodRunner.evaluateStatement(PowerMockJUnit47RunnerDelegateImpl.java:107)
	org.powermock.modules.junit4.internal.impl.PowerMockJUnit47RunnerDelegateImpl$PowerMockJUnit47MethodRunner.executeTest(PowerMockJUnit47RunnerDelegateImpl.java:82)
	org.powermock.modules.junit4.internal.impl.PowerMockJUnit44RunnerDelegateImpl$PowerMockJUnit44MethodRunner.runBeforesThenTestThenAfters(PowerMockJUnit44RunnerDelegateImpl.java:298)
	org.junit.internal.runners.MethodRoadie.runTest(MethodRoadie.java:87)
	org.junit.internal.runners.MethodRoadie.run(MethodRoadie.java:50)
	org.powermock.modules.junit4.internal.impl.PowerMockJUnit44RunnerDelegateImpl.invokeTestMethod(PowerMockJUnit44RunnerDelegateImpl.java:218)
	org.powermock.modules.junit4.internal.impl.PowerMockJUnit44RunnerDelegateImpl.runMethods(PowerMockJUnit44RunnerDelegateImpl.java:160)
	org.powermock.modules.junit4.internal.impl.PowerMockJUnit44RunnerDelegateImpl$1.run(PowerMockJUnit44RunnerDelegateImpl.java:134)
	org.junit.internal.runners.ClassRoadie.runUnprotected(ClassRoadie.java:34)
	org.junit.internal.runners.ClassRoadie.runProtected(ClassRoadie.java:44)
	org.powermock.modules.junit4.internal.impl.PowerMockJUnit44RunnerDelegateImpl.run(PowerMockJUnit44RunnerDelegateImpl.java:136)
	org.powermock.modules.junit4.common.internal.impl.JUnit4TestSuiteChunkerImpl.run(JUnit4TestSuiteChunkerImpl.java:117)
	org.powermock.modules.junit4.common.internal.impl.AbstractCommonPowerMockRunner.run(AbstractCommonPowerMockRunner.java:57)
	org.powermock.modules.junit4.PowerMockRunner.run(PowerMockRunner.java:59)
	org.apache.maven.surefire.junit4.JUnit4Provider.execute(JUnit4Provider.java:365)
	org.apache.maven.surefire.junit4.JUnit4Provider.executeWithRerun(JUnit4Provider.java:290)
	org.apache.maven.surefire.junit4.JUnit4Provider.executeTestSet(JUnit4Provider.java:238)
	org.apache.maven.surefire.junit4.JUnit4Provider.invoke(JUnit4Provider.java:159)
	org.apache.maven.surefire.booter.ForkedBooter.invokeProviderInSameClassLoader(ForkedBooter.java:379)
	org.apache.maven.surefire.booter.ForkedBooter.runSuitesInProcess(ForkedBooter.java:340)
	org.apache.maven.surefire.booter.ForkedBooter.execute(ForkedBooter.java:125)
	org.apache.maven.surefire.booter.ForkedBooter.main(ForkedBooter.java:413)
Created at:
	io.netty.buffer.UnpooledByteBufAllocator.newDirectBuffer(UnpooledByteBufAllocator.java:96)
	io.netty.buffer.AbstractByteBufAllocator.directBuffer(AbstractByteBufAllocator.java:185)
	io.netty.buffer.AbstractByteBufAllocator.directBuffer(AbstractByteBufAllocator.java:176)
	org.apache.bookkeeper.bookie.BufferedChannel.<init>(BufferedChannel.java:86)
	org.apache.bookkeeper.bookie.BufferedChannel.<init>(BufferedChannel.java:77)
	org.apache.bookkeeper.bookie.BufferedChannel.<init>(BufferedChannel.java:71)
	org.apache.bookkeeper.bookie.Journal$BufferedChannelBuilder.lambda$static$0(Journal.java:91)
	org.apache.bookkeeper.bookie.JournalChannel.<init>(JournalChannel.java:178)
	org.apache.bookkeeper.bookie.JournalChannel.<init>(JournalChannel.java:101)
	org.apache.bookkeeper.bookie.JournalChannel.<init>(JournalChannel.java:90)
	org.apache.bookkeeper.bookie.BookieJournalTest.writeV3Journal(BookieJournalTest.java:231)
	org.apache.bookkeeper.bookie.BookieJournalTest.testPartialFileInfoPostV3Journal(BookieJournalTest.java:785)
	org.apache.bookkeeper.bookie.BookieJournalTest.testPartialFileInfoPostV3Journal2(BookieJournalTest.java:769)
	java.base/jdk.internal.reflect.NativeMethodAccessorImpl.invoke0(Native Method)
	java.base/jdk.internal.reflect.NativeMethodAccessorImpl.invoke(NativeMethodAccessorImpl.java:62)
	java.base/jdk.internal.reflect.DelegatingMethodAccessorImpl.invoke(DelegatingMethodAccessorImpl.java:43)
	java.base/java.lang.reflect.Method.invoke(Method.java:566)
	org.junit.internal.runners.TestMethod.invoke(TestMethod.java:68)
	org.powermock.modules.junit4.internal.impl.PowerMockJUnit44RunnerDelegateImpl$PowerMockJUnit44MethodRunner.runTestMethod(PowerMockJUnit44RunnerDelegateImpl.java:326)
	org.junit.internal.runners.MethodRoadie$2.run(MethodRoadie.java:89)
	org.junit.internal.runners.MethodRoadie.runBeforesThenTestThenAfters(MethodRoadie.java:97)
	org.powermock.modules.junit4.internal.impl.PowerMockJUnit44RunnerDelegateImpl$PowerMockJUnit44MethodRunner.executeTest(PowerMockJUnit44RunnerDelegateImpl.java:310)
	org.powermock.modules.junit4.internal.impl.PowerMockJUnit47RunnerDelegateImpl$PowerMockJUnit47MethodRunner.executeTestInSuper(PowerMockJUnit47RunnerDelegateImpl.java:131)
	org.powermock.modules.junit4.internal.impl.PowerMockJUnit47RunnerDelegateImpl$PowerMockJUnit47MethodRunner.access$100(PowerMockJUnit47RunnerDelegateImpl.java:59)
	org.powermock.modules.junit4.internal.impl.PowerMockJUnit47RunnerDelegateImpl$PowerMockJUnit47MethodRunner$TestExecutorStatement.evaluate(PowerMockJUnit47RunnerDelegateImpl.java:147)
	org.powermock.modules.junit4.internal.impl.PowerMockJUnit47RunnerDelegateImpl$PowerMockJUnit47MethodRunner.evaluateStatement(PowerMockJUnit47RunnerDelegateImpl.java:107)
	org.powermock.modules.junit4.internal.impl.PowerMockJUnit47RunnerDelegateImpl$PowerMockJUnit47MethodRunner.executeTest(PowerMockJUnit47RunnerDelegateImpl.java:82)
	org.powermock.modules.junit4.internal.impl.PowerMockJUnit44RunnerDelegateImpl$PowerMockJUnit44MethodRunner.runBeforesThenTestThenAfters(PowerMockJUnit44RunnerDelegateImpl.java:298)
	org.junit.internal.runners.MethodRoadie.runTest(MethodRoadie.java:87)
	org.junit.internal.runners.MethodRoadie.run(MethodRoadie.java:50)
	org.powermock.modules.junit4.internal.impl.PowerMockJUnit44RunnerDelegateImpl.invokeTestMethod(PowerMockJUnit44RunnerDelegateImpl.java:218)
	org.powermock.modules.junit4.internal.impl.PowerMockJUnit44RunnerDelegateImpl.runMethods(PowerMockJUnit44RunnerDelegateImpl.java:160)
	org.powermock.modules.junit4.internal.impl.PowerMockJUnit44RunnerDelegateImpl$1.run(PowerMockJUnit44RunnerDelegateImpl.java:134)
	org.junit.internal.runners.ClassRoadie.runUnprotected(ClassRoadie.java:34)
	org.junit.internal.runners.ClassRoadie.runProtected(ClassRoadie.java:44)
	org.powermock.modules.junit4.internal.impl.PowerMockJUnit44RunnerDelegateImpl.run(PowerMockJUnit44RunnerDelegateImpl.java:136)
	org.powermock.modules.junit4.common.internal.impl.JUnit4TestSuiteChunkerImpl.run(JUnit4TestSuiteChunkerImpl.java:117)
	org.powermock.modules.junit4.common.internal.impl.AbstractCommonPowerMockRunner.run(AbstractCommonPowerMockRunner.java:57)
	org.powermock.modules.junit4.PowerMockRunner.run(PowerMockRunner.java:59)
	org.apache.maven.surefire.junit4.JUnit4Provider.execute(JUnit4Provider.java:365)
	org.apache.maven.surefire.junit4.JUnit4Provider.executeWithRerun(JUnit4Provider.java:290)
	org.apache.maven.surefire.junit4.JUnit4Provider.executeTestSet(JUnit4Provider.java:238)
	org.apache.maven.surefire.junit4.JUnit4Provider.invoke(JUnit4Provider.java:159)
	org.apache.maven.surefire.booter.ForkedBooter.invokeProviderInSameClassLoader(ForkedBooter.java:379)
	org.apache.maven.surefire.booter.ForkedBooter.runSuitesInProcess(ForkedBooter.java:340)
	org.apache.maven.surefire.booter.ForkedBooter.execute(ForkedBooter.java:125)
	org.apache.maven.surefire.booter.ForkedBooter.main(ForkedBooter.java:413)
: 8 leak records were discarded because they were duplicates
: 194 leak records were discarded because the leak record count is targeted to 4. Use system property io.netty.leakDetection.targetRecords to increase the limit.
]]></system-out>
    </rerunError>
    <rerunError message="Could not initialize class javax.naming.spi.NamingManager" type="java.lang.NoClassDefFoundError">java.lang.NoClassDefFoundError: Could not initialize class javax.naming.spi.NamingManager
	at org.apache.bookkeeper.bookie.BookieJournalTest.testJournalScanIOException(BookieJournalTest.java:832)

      <system-out><![CDATA[2020-08-10 23:35:56,111 - INFO  - [main:JournalChannel@157] - Opening journal /tmp/bookie14357616241019624405journal/current/173da4d26cf.txn
]]></system-out>
    </rerunError>
  </testcase>
</testsuite>