<?xml version="1.0" encoding="UTF-8"?>
<testsuite xmlns:xsi="http://www.w3.org/2001/XMLSchema-instance" xsi:noNamespaceSchemaLocation="https://maven.apache.org/surefire/maven-surefire-plugin/xsd/surefire-test-report.xsd" name="org.apache.bookkeeper.common.util.TestSharedResourceManager" time="0.614" tests="4" errors="0" skipped="0" failures="0">
  <properties>
[...]
</properties>
  <testcase name="overreleaseInstance" classname="org.apache.bookkeeper.common.util.TestSharedResourceManager" time="0.557"/>
  <testcase name="releaseWrongInstance" classname="org.apache.bookkeeper.common.util.TestSharedResourceManager" time="0.001"/>
  <testcase name="cancelDestroyTask" classname="org.apache.bookkeeper.common.util.TestSharedResourceManager" time="0.002"/>
  <testcase name="destroyResourceWhenRefCountReachesZero" classname="org.apache.bookkeeper.common.util.TestSharedResourceManager" time="0.001"/>
</testsuite>