<?xml version="1.0" encoding="UTF-8" ?>
<testsuite tests="23" failures="0" name="com.scurrilous.circe.crc.CRCTest" time="0.109" errors="0" skipped="0">
  <properties>
[...]
</properties>
  <testcase classname="com.scurrilous.circe.crc.CRCTest" name="testBZIP2" time="0.004"/>
  <testcase classname="com.scurrilous.circe.crc.CRCTest" name="testCRC10" time="0"/>
  <testcase classname="com.scurrilous.circe.crc.CRCTest" name="testCRC15" time="0.001"/>
  <testcase classname="com.scurrilous.circe.crc.CRCTest" name="testCRC16" time="0.002"/>
  <testcase classname="com.scurrilous.circe.crc.CRCTest" name="testCRC24" time="0.001"/>
  <testcase classname="com.scurrilous.circe.crc.CRCTest" name="testCRC32" time="0"/>
  <testcase classname="com.scurrilous.circe.crc.CRCTest" name="testCRC64" time="0.002"/>
  <testcase classname="com.scurrilous.circe.crc.CRCTest" name="testPOSIX" time="0.001"/>
  <testcase classname="com.scurrilous.circe.crc.CRCTest" name="testCRC7" time="0.001"/>
  <testcase classname="com.scurrilous.circe.crc.CRCTest" name="testCRC8" time="0"/>
  <testcase classname="com.scurrilous.circe.crc.CRCTest" name="testCRC64_XZ" time="0.001"/>
  <testcase classname="com.scurrilous.circe.crc.CRCTest" name="testCRC5_EPC" time="0.001"/>
  <testcase classname="com.scurrilous.circe.crc.CRCTest" name="testCRC5_USB" time="0"/>
  <testcase classname="com.scurrilous.circe.crc.CRCTest" name="testCRC7ROHC" time="0.001"/>
  <testcase classname="com.scurrilous.circe.crc.CRCTest" name="testCRC32CIncrementalLong" time="0"/>
  <testcase classname="com.scurrilous.circe.crc.CRCTest" name="testJavaCRC32" time="0.002"/>
  <testcase classname="com.scurrilous.circe.crc.CRCTest" name="testCRC3_ROHC" time="0"/>
  <testcase classname="com.scurrilous.circe.crc.CRCTest" name="testCRC16_CCITT" time="0.001"/>
  <testcase classname="com.scurrilous.circe.crc.CRCTest" name="testCRC32C" time="0"/>
  <testcase classname="com.scurrilous.circe.crc.CRCTest" name="testCRC32D" time="0.001"/>
  <testcase classname="com.scurrilous.circe.crc.CRCTest" name="testCRC32Q" time="0"/>
  <testcase classname="com.scurrilous.circe.crc.CRCTest" name="testCRC32CIncrementalInt" time="0.001"/>
  <testcase classname="com.scurrilous.circe.crc.CRCTest" name="testXMODEM" time="0.001"/>
</testsuite>