<?xml version="1.0" encoding="UTF-8" ?>
<testsuite tests="4" failures="0" name="com.scurrilous.circe.impl.AbstractStatelessIntHashTest" time="0.558" errors="0" skipped="0">
  <properties>
[...]
</properties>
  <testcase classname="com.scurrilous.circe.impl.AbstractStatelessIntHashTest" name="testCalculateReadOnlyByteBuffer" time="0.471"/>
  <testcase classname="com.scurrilous.circe.impl.AbstractStatelessIntHashTest" name="testCalculateByteArray" time="0.002"/>
  <testcase classname="com.scurrilous.circe.impl.AbstractStatelessIntHashTest" name="testCalculateByteBuffer" time="0.001"/>
  <testcase classname="com.scurrilous.circe.impl.AbstractStatelessIntHashTest" name="testCalculateByteArrayIntInt" time="0.001"/>
</testsuite>