<?xml version="1.0" encoding="UTF-8" ?>
<testsuite tests="5" failures="0" name="com.scurrilous.circe.crc.CRCProvidersTest" time="0.084" errors="0" skipped="0">
  <properties>
[...]
</properties>
  <testcase classname="com.scurrilous.circe.crc.CRCProvidersTest" name="testSearchCRCParametersEnumSet" time="0.005"/>
  <testcase classname="com.scurrilous.circe.crc.CRCProvidersTest" name="testSearchCRCParametersCRC32" time="0"/>
  <testcase classname="com.scurrilous.circe.crc.CRCProvidersTest" name="testSearchCRCParametersCRC64" time="0"/>
  <testcase classname="com.scurrilous.circe.crc.CRCProvidersTest" name="testAll" time="0"/>
  <testcase classname="com.scurrilous.circe.crc.CRCProvidersTest" name="testNonUnique" time="0.004"/>
</testsuite>